2013-07-03 12:37:36.218+0000 INFO  [o.n.k.i.DiagnosticsManager]: --- INITIALIZED diagnostics START ---
2013-07-03 12:37:36.226+0000 INFO  [o.n.k.i.DiagnosticsManager]: Neo4j Kernel properties:
2013-07-03 12:37:36.230+0000 INFO  [o.n.k.i.DiagnosticsManager]: neostore.propertystore.db.mapped_memory=375M
2013-07-03 12:37:36.230+0000 INFO  [o.n.k.i.DiagnosticsManager]: neostore.nodestore.db.mapped_memory=104M
2013-07-03 12:37:36.230+0000 INFO  [o.n.k.i.DiagnosticsManager]: identity_map=true
2013-07-03 12:37:36.230+0000 INFO  [o.n.k.i.DiagnosticsManager]: timestamps=true
2013-07-03 12:37:36.230+0000 INFO  [o.n.k.i.DiagnosticsManager]: neostore.relationshipstore.db.mapped_memory=459M
2013-07-03 12:37:36.230+0000 INFO  [o.n.k.i.DiagnosticsManager]: neostore.propertystore.db.strings.mapped_memory=318M
2013-07-03 12:37:36.230+0000 INFO  [o.n.k.i.DiagnosticsManager]: store_dir=/Users/chrisfitzpatrick/code/neo4j-test-app/db/neo4j-development
2013-07-03 12:37:36.230+0000 INFO  [o.n.k.i.DiagnosticsManager]: online_backup_enabled=false
2013-07-03 12:37:36.230+0000 INFO  [o.n.k.i.DiagnosticsManager]: neostore.propertystore.db.arrays.mapped_memory=361M
2013-07-03 12:37:36.230+0000 INFO  [o.n.k.i.DiagnosticsManager]: migration_thread=false
2013-07-03 12:37:36.230+0000 INFO  [o.n.k.i.DiagnosticsManager]: enable_rules=true
2013-07-03 12:37:36.230+0000 INFO  [o.n.k.i.DiagnosticsManager]: storage_path=/Users/chrisfitzpatrick/code/neo4j-test-app/db/neo4j-development
2013-07-03 12:37:36.233+0000 INFO  [o.n.k.i.DiagnosticsManager]: Diagnostics providers:
2013-07-03 12:37:36.233+0000 INFO  [o.n.k.i.DiagnosticsManager]: org.neo4j.kernel.configuration.Config
2013-07-03 12:37:36.233+0000 INFO  [o.n.k.i.DiagnosticsManager]: org.neo4j.kernel.info.DiagnosticsManager
2013-07-03 12:37:36.233+0000 INFO  [o.n.k.i.DiagnosticsManager]: SYSTEM_MEMORY
2013-07-03 12:37:36.233+0000 INFO  [o.n.k.i.DiagnosticsManager]: JAVA_MEMORY
2013-07-03 12:37:36.233+0000 INFO  [o.n.k.i.DiagnosticsManager]: OPERATING_SYSTEM
2013-07-03 12:37:36.233+0000 INFO  [o.n.k.i.DiagnosticsManager]: JAVA_VIRTUAL_MACHINE
2013-07-03 12:37:36.233+0000 INFO  [o.n.k.i.DiagnosticsManager]: CLASSPATH
2013-07-03 12:37:36.233+0000 INFO  [o.n.k.i.DiagnosticsManager]: LIBRARY_PATH
2013-07-03 12:37:36.233+0000 INFO  [o.n.k.i.DiagnosticsManager]: SYSTEM_PROPERTIES
2013-07-03 12:37:36.233+0000 INFO  [o.n.k.i.DiagnosticsManager]: NETWORK
2013-07-03 12:37:36.233+0000 INFO  [o.n.k.i.DiagnosticsManager]: NodeCache
2013-07-03 12:37:36.233+0000 INFO  [o.n.k.i.DiagnosticsManager]: RelationshipCache
2013-07-03 12:37:36.234+0000 INFO  [o.n.k.i.DiagnosticsManager]: System memory information:
2013-07-03 12:37:36.239+0000 INFO  [o.n.k.i.DiagnosticsManager]: Total Physical memory: 4.00 GB
2013-07-03 12:37:36.240+0000 INFO  [o.n.k.i.DiagnosticsManager]: Free Physical memory: 371.76 MB
2013-07-03 12:37:36.240+0000 INFO  [o.n.k.i.DiagnosticsManager]: Committed virtual memory: 3.17 GB
2013-07-03 12:37:36.241+0000 INFO  [o.n.k.i.DiagnosticsManager]: Total swap space: 5.00 GB
2013-07-03 12:37:36.242+0000 INFO  [o.n.k.i.DiagnosticsManager]: Free swap space: 685.73 MB
2013-07-03 12:37:36.244+0000 INFO  [o.n.k.i.DiagnosticsManager]: JVM memory information:
2013-07-03 12:37:36.244+0000 INFO  [o.n.k.i.DiagnosticsManager]: Free  memory: 17.14 MB
2013-07-03 12:37:36.244+0000 INFO  [o.n.k.i.DiagnosticsManager]: Total memory: 81.06 MB
2013-07-03 12:37:36.244+0000 INFO  [o.n.k.i.DiagnosticsManager]: Max   memory: 493.75 MB
2013-07-03 12:37:36.248+0000 INFO  [o.n.k.i.DiagnosticsManager]: Garbage Collector: ParNew: [Par Eden Space, Par Survivor Space]
2013-07-03 12:37:36.248+0000 INFO  [o.n.k.i.DiagnosticsManager]: Garbage Collector: ConcurrentMarkSweep: [Par Eden Space, Par Survivor Space, CMS Old Gen, CMS Perm Gen]
2013-07-03 12:37:36.250+0000 INFO  [o.n.k.i.DiagnosticsManager]: Memory Pool: Code Cache (Non-heap memory): committed=4.19 MB, used=3.82 MB, max=48.00 MB, threshold=0.00 B
2013-07-03 12:37:36.251+0000 INFO  [o.n.k.i.DiagnosticsManager]: Memory Pool: Par Eden Space (Heap memory): committed=16.63 MB, used=9.38 MB, max=50.00 MB, threshold=?
2013-07-03 12:37:36.251+0000 INFO  [o.n.k.i.DiagnosticsManager]: Memory Pool: Par Survivor Space (Heap memory): committed=2.06 MB, used=1.90 MB, max=6.25 MB, threshold=?
2013-07-03 12:37:36.252+0000 INFO  [o.n.k.i.DiagnosticsManager]: Memory Pool: CMS Old Gen (Heap memory): committed=62.38 MB, used=52.64 MB, max=437.50 MB, threshold=0.00 B
2013-07-03 12:37:36.252+0000 INFO  [o.n.k.i.DiagnosticsManager]: Memory Pool: CMS Perm Gen (Non-heap memory): committed=62.70 MB, used=43.54 MB, max=82.00 MB, threshold=0.00 B
2013-07-03 12:37:36.252+0000 INFO  [o.n.k.i.DiagnosticsManager]: Operating system information:
2013-07-03 12:37:36.254+0000 INFO  [o.n.k.i.DiagnosticsManager]: Operating System: Mac OS X; version: 10.8.4; arch: x86_64; cpus: 4
2013-07-03 12:37:36.255+0000 INFO  [o.n.k.i.DiagnosticsManager]: Max number of file descriptors: 10240
2013-07-03 12:37:36.255+0000 INFO  [o.n.k.i.DiagnosticsManager]: Number of open file descriptors: 116
2013-07-03 12:37:36.256+0000 INFO  [o.n.k.i.DiagnosticsManager]: Process id: 91591@t174.wmu.se
2013-07-03 12:37:36.256+0000 INFO  [o.n.k.i.DiagnosticsManager]: Byte order: LITTLE_ENDIAN
2013-07-03 12:37:36.256+0000 INFO  [o.n.k.i.DiagnosticsManager]: Local timezone: Europe/Stockholm
2013-07-03 12:37:36.256+0000 INFO  [o.n.k.i.DiagnosticsManager]: JVM information:
2013-07-03 12:37:36.257+0000 INFO  [o.n.k.i.DiagnosticsManager]: VM Name: Java HotSpot(TM) 64-Bit Server VM
2013-07-03 12:37:36.257+0000 INFO  [o.n.k.i.DiagnosticsManager]: VM Vendor: Apple Inc.
2013-07-03 12:37:36.257+0000 INFO  [o.n.k.i.DiagnosticsManager]: VM Version: 20.45-b01-451
2013-07-03 12:37:36.257+0000 INFO  [o.n.k.i.DiagnosticsManager]: JIT compiler: HotSpot 64-Bit Tiered Compilers
2013-07-03 12:37:36.258+0000 INFO  [o.n.k.i.DiagnosticsManager]: VM Arguments: [-Djdk.home=, -Djruby.home=/Users/chrisfitzpatrick/.rvm/rubies/jruby-1.7.2, -Djruby.script=jruby, -Djruby.shell=/bin/sh, -Djffi.boot.library.path=/Users/chrisfitzpatrick/.rvm/rubies/jruby-1.7.2/lib/native:/Users/chrisfitzpatrick/.rvm/rubies/jruby-1.7.2/lib/native/Darwin, -Xmx500m, -Xss2048k, -Xbootclasspath/a:/Users/chrisfitzpatrick/.rvm/rubies/jruby-1.7.2/lib/jruby.jar, -Dfile.encoding=UTF-8]
2013-07-03 12:37:36.258+0000 INFO  [o.n.k.i.DiagnosticsManager]: Java classpath:
2013-07-03 12:37:36.261+0000 INFO  [o.n.k.i.DiagnosticsManager]:  [bootstrap] /System/Library/Java/JavaVirtualMachines/1.6.0.jdk/Contents/Classes/charsets.jar
2013-07-03 12:37:36.261+0000 INFO  [o.n.k.i.DiagnosticsManager]:  [loader.0] file:/Users/chrisfitzpatrick/.rvm/gems/jruby-1.7.2@beacon/gems/neo4j-community-1.9.M03-java/lib/neo4j-community/jars/lucene-core-3.5.0.jar
2013-07-03 12:37:36.261+0000 INFO  [o.n.k.i.DiagnosticsManager]:  [loader.2] file:/System/Library/Java/Extensions/dns_sd.jar
2013-07-03 12:37:36.261+0000 INFO  [o.n.k.i.DiagnosticsManager]:  [loader.0] file:/Users/chrisfitzpatrick/.rvm/gems/jruby-1.7.2@beacon/gems/neo4j-community-1.9.M03-java/lib/neo4j-community/jars/neo4j-graph-matching-1.9.M03.jar
2013-07-03 12:37:36.262+0000 INFO  [o.n.k.i.DiagnosticsManager]:  [bootstrap] /System/Library/Frameworks/JavaVM.framework/Versions/A/Frameworks/JavaRuntimeSupport.framework/Versions/A/Resources/Java/JavaRuntimeSupport.jar
2013-07-03 12:37:36.262+0000 INFO  [o.n.k.i.DiagnosticsManager]:  [loader.0] file:/Users/chrisfitzpatrick/.rvm/gems/jruby-1.7.2@beacon/gems/therubyrhino_jar-1.7.4/jar/rhino-1.7R4.jar
2013-07-03 12:37:36.262+0000 INFO  [o.n.k.i.DiagnosticsManager]:  [loader.2] file:/System/Library/Java/Extensions/MRJToolkit.jar
2013-07-03 12:37:36.262+0000 INFO  [o.n.k.i.DiagnosticsManager]:  [loader.2] file:/System/Library/Java/Extensions/vecmath.jar
2013-07-03 12:37:36.262+0000 INFO  [o.n.k.i.DiagnosticsManager]:  [loader.0] file:/Users/chrisfitzpatrick/.rvm/gems/jruby-1.7.2@beacon/gems/torquebox-messaging-2.3.0-java/lib/hornetq-jms-2.2.21.Final.jar
2013-07-03 12:37:36.262+0000 INFO  [o.n.k.i.DiagnosticsManager]:  [loader.2] file:/System/Library/Java/Extensions/libmlib_jai.jnilib
2013-07-03 12:37:36.262+0000 INFO  [o.n.k.i.DiagnosticsManager]:  [loader.0] file:/Users/chrisfitzpatrick/.rvm/gems/jruby-1.7.2@global/gems/jruby-openssl-0.8.8/lib/shared/jopenssl.jar
2013-07-03 12:37:36.262+0000 INFO  [o.n.k.i.DiagnosticsManager]:  [loader.0] file:/Users/chrisfitzpatrick/.rvm/gems/jruby-1.7.2@global/gems/bouncy-castle-java-1.5.0147/lib/bcpkix-jdk15on-147.jar
2013-07-03 12:37:36.262+0000 INFO  [o.n.k.i.DiagnosticsManager]:  [loader.2] file:/System/Library/Java/JavaVirtualMachines/1.6.0.jdk/Contents/Home/lib/ext/dnsns.jar
2013-07-03 12:37:36.262+0000 INFO  [o.n.k.i.DiagnosticsManager]:  [loader.0] file:/Users/chrisfitzpatrick/.rvm/gems/jruby-1.7.2@beacon/gems/torquebox-cache-2.3.0-java/lib/polyglot-cache-1.12.0.jar
2013-07-03 12:37:36.262+0000 INFO  [o.n.k.i.DiagnosticsManager]:  [loader.0] file:/Users/chrisfitzpatrick/.rvm/gems/jruby-1.7.2@beacon/gems/neo4j-community-1.9.M03-java/lib/neo4j-community/jars/server-api-1.9.M03.jar
2013-07-03 12:37:36.262+0000 INFO  [o.n.k.i.DiagnosticsManager]:  [loader.0] file:/Users/chrisfitzpatrick/.rvm/gems/jruby-1.7.2@beacon/gems/neo4j-enterprise-1.9.M03-java/lib/neo4j-enterprise/jars/neo4j-udc-1.9.M03.jar
2013-07-03 12:37:36.262+0000 INFO  [o.n.k.i.DiagnosticsManager]:  [bootstrap] /System/Library/Java/JavaVirtualMachines/1.6.0.jdk/Contents/Classes/laf.jar
2013-07-03 12:37:36.262+0000 INFO  [o.n.k.i.DiagnosticsManager]:  [loader.0] file:/Users/chrisfitzpatrick/.rvm/gems/jruby-1.7.2@beacon/gems/neo4j-enterprise-1.9.M03-java/lib/neo4j-enterprise/jars/neo4j-cluster-1.9.M03.jar
2013-07-03 12:37:36.262+0000 INFO  [o.n.k.i.DiagnosticsManager]:  [loader.0] file:/Users/chrisfitzpatrick/.rvm/gems/jruby-1.7.2@beacon/gems/torquebox-messaging-2.3.0-java/lib/torquebox-messaging.jar
2013-07-03 12:37:36.262+0000 INFO  [o.n.k.i.DiagnosticsManager]:  [loader.2] file:/System/Library/Java/Extensions/libJ3D.jnilib
2013-07-03 12:37:36.262+0000 INFO  [o.n.k.i.DiagnosticsManager]:  [loader.2] file:/System/Library/Java/Extensions/mlibwrapper_jai.jar
2013-07-03 12:37:36.262+0000 INFO  [o.n.k.i.DiagnosticsManager]:  [loader.0] file:/Users/chrisfitzpatrick/.rvm/gems/jruby-1.7.2@beacon/gems/neo4j-community-1.9.M03-java/lib/neo4j-community/jars/geronimo-jta_1.1_spec-1.1.1.jar
2013-07-03 12:37:36.262+0000 INFO  [o.n.k.i.DiagnosticsManager]:  [bootstrap] /System/Library/Java/JavaVirtualMachines/1.6.0.jdk/Contents/Classes/classes.jar
2013-07-03 12:37:36.262+0000 INFO  [o.n.k.i.DiagnosticsManager]:  [loader.2] file:/System/Library/Java/JavaVirtualMachines/1.6.0.jdk/Contents/Home/lib/ext/localedata.jar
2013-07-03 12:37:36.262+0000 INFO  [o.n.k.i.DiagnosticsManager]:  [loader.2] file:/System/Library/Java/Extensions/QTJava.zip
2013-07-03 12:37:36.262+0000 INFO  [o.n.k.i.DiagnosticsManager]:  [loader.0] file:/Users/chrisfitzpatrick/.rvm/gems/jruby-1.7.2@beacon/gems/neo4j-enterprise-1.9.M03-java/lib/neo4j-enterprise/jars/neo4j-consistency-check-1.9.M03.jar
2013-07-03 12:37:36.262+0000 INFO  [o.n.k.i.DiagnosticsManager]:  [loader.0] file:/Users/chrisfitzpatrick/.rvm/gems/jruby-1.7.2@beacon/gems/torquebox-cache-2.3.0-java/lib/polyglot-core-1.12.0.jar
2013-07-03 12:37:36.263+0000 INFO  [o.n.k.i.DiagnosticsManager]:  [loader.0] file:/Users/chrisfitzpatrick/.rvm/gems/jruby-1.7.2@beacon/gems/neo4j-enterprise-1.9.M03-java/lib/neo4j-enterprise/jars/logback-classic-0.9.30.jar
2013-07-03 12:37:36.263+0000 INFO  [o.n.k.i.DiagnosticsManager]:  [loader.0] file:/Users/chrisfitzpatrick/.rvm/gems/jruby-1.7.2@beacon/gems/torquebox-naming-2.3.0-java/lib/torquebox-naming.jar
2013-07-03 12:37:36.263+0000 INFO  [o.n.k.i.DiagnosticsManager]:  [loader.0] file:/Users/chrisfitzpatrick/.rvm/gems/jruby-1.7.2@beacon/gems/torquebox-web-2.3.0-java/lib/torquebox-web.jar
2013-07-03 12:37:36.263+0000 INFO  [o.n.k.i.DiagnosticsManager]:  [loader.0] file:/Users/chrisfitzpatrick/.rvm/gems/jruby-1.7.2@beacon/gems/neo4j-advanced-1.9.M03-java/lib/neo4j-advanced/jars/neo4j-management-1.9.M03.jar
2013-07-03 12:37:36.263+0000 INFO  [o.n.k.i.DiagnosticsManager]:  [loader.2] file:/System/Library/Java/Extensions/libJ3DAudio.jnilib
2013-07-03 12:37:36.263+0000 INFO  [o.n.k.i.DiagnosticsManager]:  [loader.2] file:/System/Library/Java/Extensions/libAppleScriptEngine.jnilib
2013-07-03 12:37:36.263+0000 INFO  [o.n.k.i.DiagnosticsManager]:  [bootstrap] /System/Library/Java/JavaVirtualMachines/1.6.0.jdk/Contents/Classes/ui.jar
2013-07-03 12:37:36.263+0000 INFO  [o.n.k.i.DiagnosticsManager]:  [loader.2] file:/System/Library/Java/Extensions/j3daudio.jar
2013-07-03 12:37:36.263+0000 INFO  [o.n.k.i.DiagnosticsManager]:  [loader.0] file:/Users/chrisfitzpatrick/.rvm/gems/jruby-1.7.2@beacon/gems/torquebox-messaging-2.3.0-java/lib/jboss-jms-api_1.1_spec-1.0.1.Final.jar
2013-07-03 12:37:36.263+0000 INFO  [o.n.k.i.DiagnosticsManager]:  [loader.0] file:/Users/chrisfitzpatrick/.rvm/gems/jruby-1.7.2@beacon/gems/neo4j-enterprise-1.9.M03-java/lib/neo4j-enterprise/jars/zookeeper-3.3.2.jar
2013-07-03 12:37:36.263+0000 INFO  [o.n.k.i.DiagnosticsManager]:  [loader.2] file:/System/Library/Java/Extensions/libJ3DUtils.jnilib
2013-07-03 12:37:36.263+0000 INFO  [o.n.k.i.DiagnosticsManager]:  [classpath + loader.1] file:/Users/chrisfitzpatrick/code/neo4j-test-app/
2013-07-03 12:37:36.263+0000 INFO  [o.n.k.i.DiagnosticsManager]:  [loader.2] file:/System/Library/Java/Extensions/libQTJNative.jnilib
2013-07-03 12:37:36.263+0000 INFO  [o.n.k.i.DiagnosticsManager]:  [loader.0] file:/Users/chrisfitzpatrick/.rvm/gems/jruby-1.7.2@beacon/gems/torquebox-messaging-2.3.0-java/lib/jboss-transaction-api_1.1_spec-1.0.1.Final.jar
2013-07-03 12:37:36.263+0000 INFO  [o.n.k.i.DiagnosticsManager]:  [loader.0] file:/Users/chrisfitzpatrick/.rvm/gems/jruby-1.7.2@beacon/gems/neo4j-community-1.9.M03-java/lib/neo4j-community/jars/neo4j-udc-1.9.M03.jar
2013-07-03 12:37:36.263+0000 INFO  [o.n.k.i.DiagnosticsManager]:  [loader.2] file:/System/Library/Java/Extensions/j3dcore.jar
2013-07-03 12:37:36.263+0000 INFO  [o.n.k.i.DiagnosticsManager]:  [bootstrap] /System/Library/Java/JavaVirtualMachines/1.6.0.jdk/Contents/Classes/sunrsasign.jar
2013-07-03 12:37:36.263+0000 INFO  [o.n.k.i.DiagnosticsManager]:  [bootstrap] /Users/chrisfitzpatrick/.rvm/rubies/jruby-1.7.2/lib/jruby.jar
2013-07-03 12:37:36.263+0000 INFO  [o.n.k.i.DiagnosticsManager]:  [loader.0] file:/Users/chrisfitzpatrick/.rvm/gems/jruby-1.7.2@beacon/gems/neo4j-community-1.9.M03-java/lib/neo4j-community/jars/neo4j-graph-algo-1.9.M03.jar
2013-07-03 12:37:36.263+0000 INFO  [o.n.k.i.DiagnosticsManager]:  [loader.2] file:/System/Library/Java/Extensions/j3dutils.jar
2013-07-03 12:37:36.263+0000 INFO  [o.n.k.i.DiagnosticsManager]:  [loader.2] file:/System/Library/Java/Extensions/jai_core.jar
2013-07-03 12:37:36.263+0000 INFO  [o.n.k.i.DiagnosticsManager]:  [loader.0] file:/Users/chrisfitzpatrick/.rvm/gems/jruby-1.7.2@beacon/gems/torquebox-messaging-2.3.0-java/lib/hornetq-core-2.2.21.Final.jar
2013-07-03 12:37:36.263+0000 INFO  [o.n.k.i.DiagnosticsManager]:  [loader.0] file:/Users/chrisfitzpatrick/.rvm/gems/jruby-1.7.2@beacon/gems/neo4j-community-1.9.M03-java/lib/neo4j-community/jars/neo4j-kernel-1.9.M03.jar
2013-07-03 12:37:36.263+0000 INFO  [o.n.k.i.DiagnosticsManager]:  [loader.0] file:/Users/chrisfitzpatrick/.rvm/gems/jruby-1.7.2@beacon/gems/torquebox-cache-2.3.0-java/lib/torquebox-cache.jar
2013-07-03 12:37:36.263+0000 INFO  [o.n.k.i.DiagnosticsManager]:  [loader.0] file:/Users/chrisfitzpatrick/.rvm/gems/jruby-1.7.2@beacon/gems/neo4j-core-2.2.4-java/lib/neo4j-core/jars/neo4jrb-adaptor.jar
2013-07-03 12:37:36.263+0000 INFO  [o.n.k.i.DiagnosticsManager]:  [loader.0] file:/Users/chrisfitzpatrick/.rvm/gems/jruby-1.7.2@beacon/gems/json-1.8.0-java/lib/json/ext/generator.jar
2013-07-03 12:37:36.263+0000 INFO  [o.n.k.i.DiagnosticsManager]:  [loader.0] file:/Users/chrisfitzpatrick/.rvm/gems/jruby-1.7.2@beacon/gems/neo4j-enterprise-1.9.M03-java/lib/neo4j-enterprise/jars/neo4j-ha-1.9.M03.jar
2013-07-03 12:37:36.264+0000 INFO  [o.n.k.i.DiagnosticsManager]:  [loader.2] file:/System/Library/Java/Extensions/jai_codec.jar
2013-07-03 12:37:36.264+0000 INFO  [o.n.k.i.DiagnosticsManager]:  [loader.0] file:/Users/chrisfitzpatrick/.rvm/gems/jruby-1.7.2@beacon/gems/neo4j-enterprise-1.9.M03-java/lib/neo4j-enterprise/jars/server-api-1.9.M03.jar
2013-07-03 12:37:36.264+0000 INFO  [o.n.k.i.DiagnosticsManager]:  [loader.0] file:/Users/chrisfitzpatrick/.rvm/gems/jruby-1.7.2@beacon/gems/json-1.8.0-java/lib/json/ext/parser.jar
2013-07-03 12:37:36.264+0000 INFO  [o.n.k.i.DiagnosticsManager]:  [loader.0] file:/Users/chrisfitzpatrick/.rvm/gems/jruby-1.7.2@beacon/gems/neo4j-enterprise-1.9.M03-java/lib/neo4j-enterprise/jars/neo4j-com-1.9.M03.jar
2013-07-03 12:37:36.264+0000 INFO  [o.n.k.i.DiagnosticsManager]:  [loader.0] file:/Users/chrisfitzpatrick/.rvm/gems/jruby-1.7.2@beacon/gems/torquebox-core-2.3.0-java/lib/torquebox-core.jar
2013-07-03 12:37:36.264+0000 INFO  [o.n.k.i.DiagnosticsManager]:  [loader.0] file:/Users/chrisfitzpatrick/.rvm/gems/jruby-1.7.2@beacon/gems/neo4j-community-1.9.M03-java/lib/neo4j-community/jars/scala-library-2.9.1-1.jar
2013-07-03 12:37:36.264+0000 INFO  [o.n.k.i.DiagnosticsManager]:  [loader.0] file:/Users/chrisfitzpatrick/.rvm/gems/jruby-1.7.2@beacon/gems/neo4j-community-1.9.M03-java/lib/neo4j-community/jars/neo4j-shell-1.9.M03.jar
2013-07-03 12:37:36.264+0000 INFO  [o.n.k.i.DiagnosticsManager]:  [loader.0] file:/Users/chrisfitzpatrick/.rvm/gems/jruby-1.7.2@beacon/gems/neo4j-enterprise-1.9.M03-java/lib/neo4j-enterprise/jars/netty-3.5.7.Final.jar
2013-07-03 12:37:36.264+0000 INFO  [o.n.k.i.DiagnosticsManager]:  [loader.2] file:/System/Library/Java/JavaVirtualMachines/1.6.0.jdk/Contents/Home/lib/ext/sunjce_provider.jar
2013-07-03 12:37:36.264+0000 INFO  [o.n.k.i.DiagnosticsManager]:  [loader.0] file:/Users/chrisfitzpatrick/.rvm/gems/jruby-1.7.2@beacon/gems/torquebox-server-2.3.0-java/lib/torquebox-server.jar
2013-07-03 12:37:36.264+0000 INFO  [o.n.k.i.DiagnosticsManager]:  [loader.0] file:/Users/chrisfitzpatrick/.rvm/gems/jruby-1.7.2@beacon/gems/neo4j-enterprise-1.9.M03-java/lib/neo4j-enterprise/jars/slf4j-api-1.6.2.jar
2013-07-03 12:37:36.264+0000 INFO  [o.n.k.i.DiagnosticsManager]:  [loader.0] file:/Users/chrisfitzpatrick/.rvm/gems/jruby-1.7.2@global/gems/bouncy-castle-java-1.5.0147/lib/bcprov-jdk15on-147.jar
2013-07-03 12:37:36.264+0000 INFO  [o.n.k.i.DiagnosticsManager]:  [loader.0] file:/Users/chrisfitzpatrick/.rvm/gems/jruby-1.7.2@beacon/gems/torquebox-messaging-2.3.0-java/lib/netty-3.2.6.Final.jar
2013-07-03 12:37:36.264+0000 INFO  [o.n.k.i.DiagnosticsManager]:  [loader.0] file:/Users/chrisfitzpatrick/.rvm/gems/jruby-1.7.2@beacon/gems/neo4j-community-1.9.M03-java/lib/neo4j-community/jars/neo4j-lucene-index-1.9.M03.jar
2013-07-03 12:37:36.264+0000 INFO  [o.n.k.i.DiagnosticsManager]:  [loader.0] file:/Users/chrisfitzpatrick/.rvm/gems/jruby-1.7.2@beacon/gems/neo4j-community-1.9.M03-java/lib/neo4j-community/jars/org.apache.servicemix.bundles.jline-0.9.94_1.jar
2013-07-03 12:37:36.264+0000 INFO  [o.n.k.i.DiagnosticsManager]:  [loader.0] file:/Users/chrisfitzpatrick/.rvm/gems/jruby-1.7.2@beacon/gems/neo4j-community-1.9.M03-java/lib/neo4j-community/jars/concurrentlinkedhashmap-lru-1.3.1.jar
2013-07-03 12:37:36.264+0000 INFO  [o.n.k.i.DiagnosticsManager]:  [loader.0] file:/Users/chrisfitzpatrick/.rvm/gems/jruby-1.7.2@beacon/gems/neo4j-enterprise-1.9.M03-java/lib/neo4j-enterprise/jars/neo4j-backup-1.9.M03.jar
2013-07-03 12:37:36.264+0000 INFO  [o.n.k.i.DiagnosticsManager]:  [bootstrap] /System/Library/Java/JavaVirtualMachines/1.6.0.jdk/Contents/Home/lib/jce.jar
2013-07-03 12:37:36.264+0000 INFO  [o.n.k.i.DiagnosticsManager]:  [bootstrap] /System/Library/Java/JavaVirtualMachines/1.6.0.jdk/Contents/Classes/jsse.jar
2013-07-03 12:37:36.264+0000 INFO  [o.n.k.i.DiagnosticsManager]:  [loader.0] file:/Users/chrisfitzpatrick/.rvm/gems/jruby-1.7.2@beacon/gems/neo4j-enterprise-1.9.M03-java/lib/neo4j-enterprise/jars/logback-core-0.9.30.jar
2013-07-03 12:37:36.264+0000 INFO  [o.n.k.i.DiagnosticsManager]:  [loader.2] file:/System/Library/Java/Extensions/AppleScriptEngine.jar
2013-07-03 12:37:36.264+0000 INFO  [o.n.k.i.DiagnosticsManager]:  [loader.0] file:/Users/chrisfitzpatrick/.rvm/gems/jruby-1.7.2@beacon/gems/neo4j-community-1.9.M03-java/lib/neo4j-community/jars/neo4j-cypher-1.9.M03.jar
2013-07-03 12:37:36.264+0000 INFO  [o.n.k.i.DiagnosticsManager]:  [loader.2] file:/System/Library/Java/JavaVirtualMachines/1.6.0.jdk/Contents/Home/lib/ext/apple_provider.jar
2013-07-03 12:37:36.264+0000 INFO  [o.n.k.i.DiagnosticsManager]:  [bootstrap] /System/Library/Java/JavaVirtualMachines/1.6.0.jdk/Contents/Classes/jsfd.jar
2013-07-03 12:37:36.264+0000 INFO  [o.n.k.i.DiagnosticsManager]:  [loader.0] file:/Users/chrisfitzpatrick/.rvm/gems/jruby-1.7.2@beacon/gems/neo4j-enterprise-1.9.M03-java/lib/neo4j-enterprise/jars/log4j-1.2.16.jar
2013-07-03 12:37:36.264+0000 INFO  [o.n.k.i.DiagnosticsManager]:  [loader.2] file:/System/Library/Java/JavaVirtualMachines/1.6.0.jdk/Contents/Home/lib/ext/sunpkcs11.jar
2013-07-03 12:37:36.265+0000 INFO  [o.n.k.i.DiagnosticsManager]:  [loader.0] file:/Users/chrisfitzpatrick/.rvm/gems/jruby-1.7.2@beacon/gems/neo4j-community-1.9.M03-java/lib/neo4j-community/jars/neo4j-jmx-1.9.M03.jar
2013-07-03 12:37:36.265+0000 INFO  [o.n.k.i.DiagnosticsManager]: Library path:
2013-07-03 12:37:36.265+0000 INFO  [o.n.k.i.DiagnosticsManager]: /Users/chrisfitzpatrick/code/neo4j-test-app
2013-07-03 12:37:36.265+0000 INFO  [o.n.k.i.DiagnosticsManager]: /Library/Java/Extensions
2013-07-03 12:37:36.265+0000 INFO  [o.n.k.i.DiagnosticsManager]: /System/Library/Java/Extensions
2013-07-03 12:37:36.265+0000 INFO  [o.n.k.i.DiagnosticsManager]: /usr/lib/java
2013-07-03 12:37:36.265+0000 INFO  [o.n.k.i.DiagnosticsManager]: System.properties:
2013-07-03 12:37:36.265+0000 INFO  [o.n.k.i.DiagnosticsManager]: jruby.home = /Users/chrisfitzpatrick/.rvm/rubies/jruby-1.7.2
2013-07-03 12:37:36.265+0000 INFO  [o.n.k.i.DiagnosticsManager]: sun.boot.library.path = /System/Library/Java/JavaVirtualMachines/1.6.0.jdk/Contents/Libraries
2013-07-03 12:37:36.265+0000 INFO  [o.n.k.i.DiagnosticsManager]: awt.nativeDoubleBuffering = true
2013-07-03 12:37:36.265+0000 INFO  [o.n.k.i.DiagnosticsManager]: gopherProxySet = false
2013-07-03 12:37:36.265+0000 INFO  [o.n.k.i.DiagnosticsManager]: mrj.build = 11M4406
2013-07-03 12:37:36.265+0000 INFO  [o.n.k.i.DiagnosticsManager]: path.separator = :
2013-07-03 12:37:36.265+0000 INFO  [o.n.k.i.DiagnosticsManager]: file.encoding.pkg = sun.io
2013-07-03 12:37:36.265+0000 INFO  [o.n.k.i.DiagnosticsManager]: sun.java.launcher = SUN_STANDARD
2013-07-03 12:37:36.266+0000 INFO  [o.n.k.i.DiagnosticsManager]: user.country = US
2013-07-03 12:37:36.266+0000 INFO  [o.n.k.i.DiagnosticsManager]: sun.os.patch.level = unknown
2013-07-03 12:37:36.266+0000 INFO  [o.n.k.i.DiagnosticsManager]: user.dir = /Users/chrisfitzpatrick/code/neo4j-test-app
2013-07-03 12:37:36.266+0000 INFO  [o.n.k.i.DiagnosticsManager]: neo4j.ext.udc.source = neo4rb
2013-07-03 12:37:36.266+0000 INFO  [o.n.k.i.DiagnosticsManager]: jdk.home = 
2013-07-03 12:37:36.266+0000 INFO  [o.n.k.i.DiagnosticsManager]: sun.jnu.encoding = MacRoman
2013-07-03 12:37:36.266+0000 INFO  [o.n.k.i.DiagnosticsManager]: sun.management.compiler = HotSpot 64-Bit Tiered Compilers
2013-07-03 12:37:36.266+0000 INFO  [o.n.k.i.DiagnosticsManager]: http.nonProxyHosts = local|*.local|169.254/16|*.169.254/16
2013-07-03 12:37:36.266+0000 INFO  [o.n.k.i.DiagnosticsManager]: jffi.boot.library.path = /Users/chrisfitzpatrick/.rvm/rubies/jruby-1.7.2/lib/native:/Users/chrisfitzpatrick/.rvm/rubies/jruby-1.7.2/lib/native/Darwin
2013-07-03 12:37:36.266+0000 INFO  [o.n.k.i.DiagnosticsManager]: user.home = /Users/chrisfitzpatrick
2013-07-03 12:37:36.266+0000 INFO  [o.n.k.i.DiagnosticsManager]: user.timezone = Europe/Stockholm
2013-07-03 12:37:36.266+0000 INFO  [o.n.k.i.DiagnosticsManager]: file.encoding = UTF-8
2013-07-03 12:37:36.266+0000 INFO  [o.n.k.i.DiagnosticsManager]: jruby.script = jruby
2013-07-03 12:37:36.266+0000 INFO  [o.n.k.i.DiagnosticsManager]: user.name = chrisfitzpatrick
2013-07-03 12:37:36.266+0000 INFO  [o.n.k.i.DiagnosticsManager]: jruby.shell = /bin/sh
2013-07-03 12:37:36.266+0000 INFO  [o.n.k.i.DiagnosticsManager]: sun.java.command = org/jruby/Main script/rails s
2013-07-03 12:37:36.266+0000 INFO  [o.n.k.i.DiagnosticsManager]: sun.arch.data.model = 64
2013-07-03 12:37:36.266+0000 INFO  [o.n.k.i.DiagnosticsManager]: user.language = en
2013-07-03 12:37:36.266+0000 INFO  [o.n.k.i.DiagnosticsManager]: awt.toolkit = apple.awt.CToolkit
2013-07-03 12:37:36.266+0000 INFO  [o.n.k.i.DiagnosticsManager]: file.separator = /
2013-07-03 12:37:36.266+0000 INFO  [o.n.k.i.DiagnosticsManager]: sun.io.unicode.encoding = UnicodeLittle
2013-07-03 12:37:36.266+0000 INFO  [o.n.k.i.DiagnosticsManager]: sun.cpu.endian = little
2013-07-03 12:37:36.266+0000 INFO  [o.n.k.i.DiagnosticsManager]: mrj.version = 1070.1.6.0_45-451
2013-07-03 12:37:36.267+0000 INFO  [o.n.k.i.DiagnosticsManager]: socksNonProxyHosts = local|*.local|169.254/16|*.169.254/16
2013-07-03 12:37:36.267+0000 INFO  [o.n.k.i.DiagnosticsManager]: ftp.nonProxyHosts = local|*.local|169.254/16|*.169.254/16
2013-07-03 12:37:36.267+0000 INFO  [o.n.k.i.DiagnosticsManager]: sun.cpu.isalist = 
2013-07-03 12:37:36.267+0000 INFO  [o.n.k.i.DiagnosticsManager]: Network information:
2013-07-03 12:37:36.268+0000 INFO  [o.n.k.i.DiagnosticsManager]: Interface en1:
2013-07-03 12:37:36.269+0000 INFO  [o.n.k.i.DiagnosticsManager]:     address: fe80:0:0:0:7ec3:a1ff:fe86:b60b%4
2013-07-03 12:37:36.269+0000 INFO  [o.n.k.i.DiagnosticsManager]:     address: 195.178.246.174
2013-07-03 12:37:36.269+0000 INFO  [o.n.k.i.DiagnosticsManager]: Interface lo0:
2013-07-03 12:37:36.269+0000 INFO  [o.n.k.i.DiagnosticsManager]:     address: 0:0:0:0:0:0:0:1
2013-07-03 12:37:36.269+0000 INFO  [o.n.k.i.DiagnosticsManager]:     address: fe80:0:0:0:0:0:0:1%1
2013-07-03 12:37:36.269+0000 INFO  [o.n.k.i.DiagnosticsManager]:     address: 127.0.0.1
2013-07-03 12:37:36.269+0000 INFO  [o.n.k.i.DiagnosticsManager]: --- INITIALIZED diagnostics END ---
2013-07-03 12:37:36.550+0000 INFO  [o.n.k.i.n.s.StoreFactory]: Creating new db @ /Users/chrisfitzpatrick/code/neo4j-test-app/db/neo4j-development/neostore
2013-07-03 12:37:36.592+0000 INFO  [o.n.k.i.n.s.StoreFactory]: [/Users/chrisfitzpatrick/code/neo4j-test-app/db/neo4j-development/neostore.nodestore.db] brickCount=0 brickSize=1090512b mappedMem=109051904b (storeSize=0b)
2013-07-03 12:37:36.601+0000 INFO  [o.n.k.i.n.s.StoreFactory]: /Users/chrisfitzpatrick/code/neo4j-test-app/db/neo4j-development/neostore.nodestore.db hit=1 miss=0 switches=0 ooe=0
2013-07-03 12:37:36.618+0000 INFO  [o.n.k.i.n.s.StoreFactory]: [/Users/chrisfitzpatrick/code/neo4j-test-app/db/neo4j-development/neostore.relationshiptypestore.db.names] brickCount=0 brickSize=0b mappedMem=0b (storeSize=38b)
2013-07-03 12:37:36.638+0000 INFO  [o.n.k.i.n.s.StoreFactory]: [/Users/chrisfitzpatrick/code/neo4j-test-app/db/neo4j-development/neostore.relationshiptypestore.db] brickCount=0 brickSize=0b mappedMem=0b (storeSize=0b)
2013-07-03 12:37:36.638+0000 INFO  [o.n.k.i.n.s.StoreFactory]: /Users/chrisfitzpatrick/code/neo4j-test-app/db/neo4j-development/neostore.relationshiptypestore.db.names hit=0 miss=0 switches=0 ooe=0
2013-07-03 12:37:36.639+0000 INFO  [o.n.k.i.n.s.StoreFactory]: /Users/chrisfitzpatrick/code/neo4j-test-app/db/neo4j-development/neostore.relationshiptypestore.db hit=0 miss=0 switches=0 ooe=0
2013-07-03 12:37:36.640+0000 INFO  [o.n.k.i.n.s.StoreFactory]: [/Users/chrisfitzpatrick/code/neo4j-test-app/db/neo4j-development/neostore.relationshiptypestore.db.names] brickCount=0 brickSize=0b mappedMem=0b (storeSize=38b)
2013-07-03 12:37:36.641+0000 INFO  [o.n.k.i.n.s.StoreFactory]: [/Users/chrisfitzpatrick/code/neo4j-test-app/db/neo4j-development/neostore.relationshiptypestore.db] brickCount=0 brickSize=0b mappedMem=0b (storeSize=0b)
2013-07-03 12:37:36.642+0000 INFO  [o.n.k.i.n.s.StoreFactory]: [/Users/chrisfitzpatrick/code/neo4j-test-app/db/neo4j-development/neostore.propertystore.db.strings] brickCount=0 brickSize=333440b mappedMem=333447168b (storeSize=128b)
2013-07-03 12:37:36.642+0000 INFO  [o.n.k.i.n.s.StoreFactory]: [/Users/chrisfitzpatrick/code/neo4j-test-app/db/neo4j-development/neostore.propertystore.db.index.keys] brickCount=0 brickSize=0b mappedMem=0b (storeSize=38b)
2013-07-03 12:37:36.645+0000 INFO  [o.n.k.i.n.s.StoreFactory]: [/Users/chrisfitzpatrick/code/neo4j-test-app/db/neo4j-development/neostore.propertystore.db.index] brickCount=0 brickSize=0b mappedMem=0b (storeSize=0b)
2013-07-03 12:37:36.647+0000 INFO  [o.n.k.i.n.s.StoreFactory]: [/Users/chrisfitzpatrick/code/neo4j-test-app/db/neo4j-development/neostore.propertystore.db.arrays] brickCount=0 brickSize=378496b mappedMem=378535936b (storeSize=128b)
2013-07-03 12:37:36.651+0000 INFO  [o.n.k.i.n.s.StoreFactory]: [/Users/chrisfitzpatrick/code/neo4j-test-app/db/neo4j-development/neostore.propertystore.db] brickCount=0 brickSize=3932146b mappedMem=393216000b (storeSize=0b)
2013-07-03 12:37:36.653+0000 INFO  [o.n.k.i.n.s.StoreFactory]: [/Users/chrisfitzpatrick/code/neo4j-test-app/db/neo4j-development/neostore.relationshipstore.db] brickCount=0 brickSize=4812951b mappedMem=481296384b (storeSize=0b)
2013-07-03 12:37:36.654+0000 INFO  [o.n.k.i.n.s.StoreFactory]: [/Users/chrisfitzpatrick/code/neo4j-test-app/db/neo4j-development/neostore.nodestore.db] brickCount=0 brickSize=109044b mappedMem=109051904b (storeSize=9b)
2013-07-03 12:37:36.654+0000 INFO  [o.n.k.i.n.s.StoreFactory]: [/Users/chrisfitzpatrick/code/neo4j-test-app/db/neo4j-development/neostore] brickCount=0 brickSize=0b mappedMem=0b (storeSize=0b)
2013-07-03 12:37:36.661+0000 INFO  [o.n.k.i.n.s.StoreFactory]: /Users/chrisfitzpatrick/code/neo4j-test-app/db/neo4j-development/neostore.relationshiptypestore.db.names hit=0 miss=0 switches=0 ooe=0
2013-07-03 12:37:36.662+0000 INFO  [o.n.k.i.n.s.StoreFactory]: /Users/chrisfitzpatrick/code/neo4j-test-app/db/neo4j-development/neostore.relationshiptypestore.db hit=0 miss=0 switches=0 ooe=0
2013-07-03 12:37:36.663+0000 INFO  [o.n.k.i.n.s.StoreFactory]: /Users/chrisfitzpatrick/code/neo4j-test-app/db/neo4j-development/neostore.propertystore.db.strings hit=0 miss=0 switches=0 ooe=0
2013-07-03 12:37:36.664+0000 INFO  [o.n.k.i.n.s.StoreFactory]: /Users/chrisfitzpatrick/code/neo4j-test-app/db/neo4j-development/neostore.propertystore.db.index.keys hit=0 miss=0 switches=0 ooe=0
2013-07-03 12:37:36.665+0000 INFO  [o.n.k.i.n.s.StoreFactory]: /Users/chrisfitzpatrick/code/neo4j-test-app/db/neo4j-development/neostore.propertystore.db.index hit=0 miss=0 switches=0 ooe=0
2013-07-03 12:37:36.666+0000 INFO  [o.n.k.i.n.s.StoreFactory]: /Users/chrisfitzpatrick/code/neo4j-test-app/db/neo4j-development/neostore.propertystore.db.arrays hit=0 miss=0 switches=0 ooe=0
2013-07-03 12:37:36.667+0000 INFO  [o.n.k.i.n.s.StoreFactory]: /Users/chrisfitzpatrick/code/neo4j-test-app/db/neo4j-development/neostore.propertystore.db hit=0 miss=0 switches=0 ooe=0
2013-07-03 12:37:36.668+0000 INFO  [o.n.k.i.n.s.StoreFactory]: /Users/chrisfitzpatrick/code/neo4j-test-app/db/neo4j-development/neostore.relationshipstore.db hit=0 miss=0 switches=0 ooe=0
2013-07-03 12:37:36.669+0000 INFO  [o.n.k.i.n.s.StoreFactory]: /Users/chrisfitzpatrick/code/neo4j-test-app/db/neo4j-development/neostore.nodestore.db hit=0 miss=0 switches=0 ooe=0
2013-07-03 12:37:36.670+0000 INFO  [o.n.k.i.n.s.StoreFactory]: /Users/chrisfitzpatrick/code/neo4j-test-app/db/neo4j-development/neostore hit=0 miss=8 switches=0 ooe=0
2013-07-03 12:37:36.676+0000 INFO  [o.n.k.i.n.s.StoreFactory]: [/Users/chrisfitzpatrick/code/neo4j-test-app/db/neo4j-development/neostore.relationshiptypestore.db.names] brickCount=0 brickSize=0b mappedMem=0b (storeSize=38b)
2013-07-03 12:37:36.676+0000 INFO  [o.n.k.i.n.s.StoreFactory]: [/Users/chrisfitzpatrick/code/neo4j-test-app/db/neo4j-development/neostore.relationshiptypestore.db] brickCount=0 brickSize=0b mappedMem=0b (storeSize=0b)
2013-07-03 12:37:36.677+0000 INFO  [o.n.k.i.n.s.StoreFactory]: [/Users/chrisfitzpatrick/code/neo4j-test-app/db/neo4j-development/neostore.propertystore.db.strings] brickCount=0 brickSize=333440b mappedMem=333447168b (storeSize=128b)
2013-07-03 12:37:36.677+0000 INFO  [o.n.k.i.n.s.StoreFactory]: [/Users/chrisfitzpatrick/code/neo4j-test-app/db/neo4j-development/neostore.propertystore.db.index.keys] brickCount=0 brickSize=0b mappedMem=0b (storeSize=38b)
2013-07-03 12:37:36.678+0000 INFO  [o.n.k.i.n.s.StoreFactory]: [/Users/chrisfitzpatrick/code/neo4j-test-app/db/neo4j-development/neostore.propertystore.db.index] brickCount=0 brickSize=0b mappedMem=0b (storeSize=0b)
2013-07-03 12:37:36.678+0000 INFO  [o.n.k.i.n.s.StoreFactory]: [/Users/chrisfitzpatrick/code/neo4j-test-app/db/neo4j-development/neostore.propertystore.db.arrays] brickCount=0 brickSize=378496b mappedMem=378535936b (storeSize=128b)
2013-07-03 12:37:36.679+0000 INFO  [o.n.k.i.n.s.StoreFactory]: [/Users/chrisfitzpatrick/code/neo4j-test-app/db/neo4j-development/neostore.propertystore.db] brickCount=0 brickSize=3932146b mappedMem=393216000b (storeSize=0b)
2013-07-03 12:37:36.679+0000 INFO  [o.n.k.i.n.s.StoreFactory]: [/Users/chrisfitzpatrick/code/neo4j-test-app/db/neo4j-development/neostore.relationshipstore.db] brickCount=0 brickSize=4812951b mappedMem=481296384b (storeSize=0b)
2013-07-03 12:37:36.679+0000 INFO  [o.n.k.i.n.s.StoreFactory]: [/Users/chrisfitzpatrick/code/neo4j-test-app/db/neo4j-development/neostore.nodestore.db] brickCount=0 brickSize=109044b mappedMem=109051904b (storeSize=9b)
2013-07-03 12:37:36.680+0000 INFO  [o.n.k.i.n.s.StoreFactory]: [/Users/chrisfitzpatrick/code/neo4j-test-app/db/neo4j-development/neostore] brickCount=0 brickSize=0b mappedMem=0b (storeSize=54b)
2013-07-03 12:37:36.718+0000 INFO  [o.n.k.i.t.x.XaLogicalLog]: Opened logical log [/Users/chrisfitzpatrick/code/neo4j-test-app/db/neo4j-development/nioneo_logical.log.1] version=0, lastTxId=1 (clean)
2013-07-03 12:37:36.724+0000 INFO  [o.n.k.i.t.TxManager]: TM new log: tm_tx_log.1
2013-07-03 12:37:36.727+0000 INFO  [o.n.k.i.t.TxManager]: TM non resolved transactions found in /Users/chrisfitzpatrick/code/neo4j-test-app/db/neo4j-development/tm_tx_log.1
2013-07-03 12:37:36.735+0000 INFO  [o.n.k.i.t.TxManager]: Recovery completed, all transactions have been resolved to a consistent state.
2013-07-03 12:37:36.793+0000 INFO  [o.n.k.i.t.x.XaLogicalLog]: Opened logical log [/Users/chrisfitzpatrick/code/neo4j-test-app/db/neo4j-development/index/lucene.log.1] version=0, lastTxId=1 (clean)
2013-07-03 12:37:36.799+0000 INFO  [o.n.k.i.DiagnosticsManager]: --- STARTED diagnostics for KernelDiagnostics:Versions START ---
2013-07-03 12:37:36.800+0000 INFO  [o.n.k.i.DiagnosticsManager]: Graph Database: org.neo4j.kernel.EmbeddedGraphDatabase StoreId[time:1372855056551, id:-6379983795609775819, store version: 13561656364791302]
2013-07-03 12:37:36.800+0000 INFO  [o.n.k.i.DiagnosticsManager]: Kernel version: Neo4j - Graph Database Kernel 1.9.M03
2013-07-03 12:37:36.800+0000 INFO  [o.n.k.i.DiagnosticsManager]: Neo4j component versions:
2013-07-03 12:37:36.801+0000 INFO  [o.n.k.i.DiagnosticsManager]:   Neo4j - Graph Database Kernel 1.9.M03
2013-07-03 12:37:36.802+0000 INFO  [o.n.k.i.DiagnosticsManager]: --- STARTED diagnostics for KernelDiagnostics:Versions END ---
2013-07-03 12:37:36.806+0000 INFO  [o.n.k.i.DiagnosticsManager]: --- STARTED diagnostics for NEO_STORE_VERSIONS START ---
2013-07-03 12:37:36.807+0000 INFO  [o.n.k.i.DiagnosticsManager]: Store versions:
2013-07-03 12:37:36.807+0000 INFO  [o.n.k.i.DiagnosticsManager]: Store versions:
2013-07-03 12:37:36.807+0000 INFO  [o.n.k.i.DiagnosticsManager]:   NeoStore v0.A.0
2013-07-03 12:37:36.807+0000 INFO  [o.n.k.i.DiagnosticsManager]:   NodeStore v0.A.0
2013-07-03 12:37:36.807+0000 INFO  [o.n.k.i.DiagnosticsManager]:   RelationshipStore v0.A.0
2013-07-03 12:37:36.807+0000 INFO  [o.n.k.i.DiagnosticsManager]:   RelationshipTypeStore v0.A.0
2013-07-03 12:37:36.807+0000 INFO  [o.n.k.i.DiagnosticsManager]:   PropertyStore v0.A.0
2013-07-03 12:37:36.807+0000 INFO  [o.n.k.i.DiagnosticsManager]:   PropertyIndexStore v0.A.0
2013-07-03 12:37:36.807+0000 INFO  [o.n.k.i.DiagnosticsManager]:   StringPropertyStore v0.A.0
2013-07-03 12:37:36.807+0000 INFO  [o.n.k.i.DiagnosticsManager]:   ArrayPropertyStore v0.A.0
2013-07-03 12:37:36.807+0000 INFO  [o.n.k.i.DiagnosticsManager]: --- STARTED diagnostics for NEO_STORE_VERSIONS END ---
2013-07-03 12:37:36.807+0000 INFO  [o.n.k.i.DiagnosticsManager]: --- STARTED diagnostics for NEO_STORE_ID_USAGE START ---
2013-07-03 12:37:36.807+0000 INFO  [o.n.k.i.DiagnosticsManager]: Id usage:
2013-07-03 12:37:36.808+0000 INFO  [o.n.k.i.DiagnosticsManager]: Id usage:
2013-07-03 12:37:36.808+0000 INFO  [o.n.k.i.DiagnosticsManager]:   NodeStore: used=1 high=0
2013-07-03 12:37:36.808+0000 INFO  [o.n.k.i.DiagnosticsManager]:   RelationshipStore: used=0 high=-1
2013-07-03 12:37:36.808+0000 INFO  [o.n.k.i.DiagnosticsManager]:   RelationshipTypeStore: used=0 high=-1
2013-07-03 12:37:36.808+0000 INFO  [o.n.k.i.DiagnosticsManager]:   PropertyStore: used=0 high=-1
2013-07-03 12:37:36.808+0000 INFO  [o.n.k.i.DiagnosticsManager]:   PropertyIndexStore: used=0 high=-1
2013-07-03 12:37:36.808+0000 INFO  [o.n.k.i.DiagnosticsManager]:   StringPropertyStore: used=1 high=0
2013-07-03 12:37:36.808+0000 INFO  [o.n.k.i.DiagnosticsManager]:   ArrayPropertyStore: used=1 high=0
2013-07-03 12:37:36.808+0000 INFO  [o.n.k.i.DiagnosticsManager]: --- STARTED diagnostics for NEO_STORE_ID_USAGE END ---
2013-07-03 12:37:36.808+0000 INFO  [o.n.k.i.DiagnosticsManager]: --- STARTED diagnostics for PERSISTENCE_WINDOW_POOL_STATS START ---
2013-07-03 12:37:36.808+0000 INFO  [o.n.k.i.DiagnosticsManager]: --- STARTED diagnostics for PERSISTENCE_WINDOW_POOL_STATS END ---
2013-07-03 12:37:36.809+0000 INFO  [o.n.k.i.DiagnosticsManager]: --- STARTED diagnostics for KernelDiagnostics:StoreFiles START ---
2013-07-03 12:37:36.809+0000 INFO  [o.n.k.i.DiagnosticsManager]: Disk space on partition (Total / Free / Free %): 250140434432 / 56318464000 / 77
Storage files: (filename : modification date - size)
2013-07-03 12:37:36.809+0000 INFO  [o.n.k.i.DiagnosticsManager]:   active_tx_log: 2013-07-03T14:37:36+0200 - 11.00 B
2013-07-03 12:37:36.809+0000 INFO  [o.n.k.i.DiagnosticsManager]:   index:
2013-07-03 12:37:36.810+0000 INFO  [o.n.k.i.DiagnosticsManager]:     lucene-store.db: 2013-07-03T14:37:36+0200 - 40.00 B
2013-07-03 12:37:36.810+0000 INFO  [o.n.k.i.DiagnosticsManager]:     lucene.log.1: 2013-07-03T14:37:36+0200 - 16.00 B
2013-07-03 12:37:36.810+0000 INFO  [o.n.k.i.DiagnosticsManager]:     lucene.log.active: 2013-07-03T14:37:36+0200 - 4.00 B
2013-07-03 12:37:36.810+0000 INFO  [o.n.k.i.DiagnosticsManager]:   - Total: 2013-07-03T14:37:36+0200 - 60.00 B
2013-07-03 12:37:36.811+0000 INFO  [o.n.k.i.DiagnosticsManager]:   lock: 2013-07-03T14:37:36+0200 - 0.00 B
2013-07-03 12:37:36.811+0000 INFO  [o.n.k.i.DiagnosticsManager]:   messages.log: 2013-07-03T14:37:36+0200 - 38.10 kB
2013-07-03 12:37:36.811+0000 INFO  [o.n.k.i.DiagnosticsManager]:   neostore: 2013-07-03T14:37:36+0200 - 54.00 B
2013-07-03 12:37:36.811+0000 INFO  [o.n.k.i.DiagnosticsManager]:   neostore.id: 2013-07-03T14:37:36+0200 - 9.00 B
2013-07-03 12:37:36.811+0000 INFO  [o.n.k.i.DiagnosticsManager]:   neostore.nodestore.db: 2013-07-03T14:37:36+0200 - 9.00 B
2013-07-03 12:37:36.812+0000 INFO  [o.n.k.i.DiagnosticsManager]:   neostore.nodestore.db.id: 2013-07-03T14:37:36+0200 - 9.00 B
2013-07-03 12:37:36.812+0000 INFO  [o.n.k.i.DiagnosticsManager]:   neostore.propertystore.db: 2013-07-03T14:37:36+0200 - 0.00 B
2013-07-03 12:37:36.812+0000 INFO  [o.n.k.i.DiagnosticsManager]:   neostore.propertystore.db.arrays: 2013-07-03T14:37:36+0200 - 128.00 B
2013-07-03 12:37:36.812+0000 INFO  [o.n.k.i.DiagnosticsManager]:   neostore.propertystore.db.arrays.id: 2013-07-03T14:37:36+0200 - 9.00 B
2013-07-03 12:37:36.812+0000 INFO  [o.n.k.i.DiagnosticsManager]:   neostore.propertystore.db.id: 2013-07-03T14:37:36+0200 - 9.00 B
2013-07-03 12:37:36.813+0000 INFO  [o.n.k.i.DiagnosticsManager]:   neostore.propertystore.db.index: 2013-07-03T14:37:36+0200 - 0.00 B
2013-07-03 12:37:36.813+0000 INFO  [o.n.k.i.DiagnosticsManager]:   neostore.propertystore.db.index.id: 2013-07-03T14:37:36+0200 - 9.00 B
2013-07-03 12:37:36.813+0000 INFO  [o.n.k.i.DiagnosticsManager]:   neostore.propertystore.db.index.keys: 2013-07-03T14:37:36+0200 - 38.00 B
2013-07-03 12:37:36.813+0000 INFO  [o.n.k.i.DiagnosticsManager]:   neostore.propertystore.db.index.keys.id: 2013-07-03T14:37:36+0200 - 9.00 B
2013-07-03 12:37:36.813+0000 INFO  [o.n.k.i.DiagnosticsManager]:   neostore.propertystore.db.strings: 2013-07-03T14:37:36+0200 - 128.00 B
2013-07-03 12:37:36.813+0000 INFO  [o.n.k.i.DiagnosticsManager]:   neostore.propertystore.db.strings.id: 2013-07-03T14:37:36+0200 - 9.00 B
2013-07-03 12:37:36.814+0000 INFO  [o.n.k.i.DiagnosticsManager]:   neostore.relationshipstore.db: 2013-07-03T14:37:36+0200 - 0.00 B
2013-07-03 12:37:36.814+0000 INFO  [o.n.k.i.DiagnosticsManager]:   neostore.relationshipstore.db.id: 2013-07-03T14:37:36+0200 - 9.00 B
2013-07-03 12:37:36.814+0000 INFO  [o.n.k.i.DiagnosticsManager]:   neostore.relationshiptypestore.db: 2013-07-03T14:37:36+0200 - 0.00 B
2013-07-03 12:37:36.814+0000 INFO  [o.n.k.i.DiagnosticsManager]:   neostore.relationshiptypestore.db.id: 2013-07-03T14:37:36+0200 - 9.00 B
2013-07-03 12:37:36.814+0000 INFO  [o.n.k.i.DiagnosticsManager]:   neostore.relationshiptypestore.db.names: 2013-07-03T14:37:36+0200 - 38.00 B
2013-07-03 12:37:36.815+0000 INFO  [o.n.k.i.DiagnosticsManager]:   neostore.relationshiptypestore.db.names.id: 2013-07-03T14:37:36+0200 - 9.00 B
2013-07-03 12:37:36.815+0000 INFO  [o.n.k.i.DiagnosticsManager]:   nioneo_logical.log.1: 2013-07-03T14:37:36+0200 - 16.00 B
2013-07-03 12:37:36.815+0000 INFO  [o.n.k.i.DiagnosticsManager]:   nioneo_logical.log.active: 2013-07-03T14:37:36+0200 - 4.00 B
2013-07-03 12:37:36.815+0000 INFO  [o.n.k.i.DiagnosticsManager]:   tm_tx_log.1: 2013-07-03T14:37:36+0200 - 0.00 B
2013-07-03 12:37:36.815+0000 INFO  [o.n.k.i.DiagnosticsManager]: --- STARTED diagnostics for KernelDiagnostics:StoreFiles END ---
2013-07-03 12:37:36.818+0000 INFO  [o.n.k.EmbeddedGraphDatabase]: Started - database is now available
2013-07-03 12:37:36.818+0000 INFO  [o.n.k.EmbeddedGraphDatabase]: GC Monitor started. 
2013-07-03 12:37:36.829+0000 INFO  [o.n.k.EmbeddedGraphDatabase]: NodeCache array:647168 purge:0 size:0b misses:100.0% collisions:NaN% (0) av.purge waits:0 purge waits:0 avg. purge time:N/A
2013-07-03 12:37:36.884+0000 INFO  [o.n.k.EmbeddedGraphDatabase]: RelationshipCache array:647168 purge:0 size:0b misses:NaN% collisions:NaN% (0) av.purge waits:0 purge waits:0 avg. purge time:N/A
2013-07-03 12:37:48.790+0000 INFO  [o.n.k.EmbeddedGraphDatabase]: Stopping - database is now unavailable
2013-07-03 12:37:48.796+0000 INFO  [o.n.k.i.t.x.XaLogicalLog]: Closed log /Users/chrisfitzpatrick/code/neo4j-test-app/db/neo4j-development/index/lucene.log
2013-07-03 12:37:48.798+0000 INFO  [o.n.k.i.t.TxManager]: TM shutting down
2013-07-03 12:37:48.799+0000 INFO  [o.n.k.i.t.x.XaLogicalLog]: Closed log /Users/chrisfitzpatrick/code/neo4j-test-app/db/neo4j-development/nioneo_logical.log
2013-07-03 12:37:48.800+0000 INFO  [o.n.k.i.n.s.StoreFactory]: /Users/chrisfitzpatrick/code/neo4j-test-app/db/neo4j-development/neostore.relationshiptypestore.db.names hit=0 miss=1 switches=0 ooe=0
2013-07-03 12:37:48.800+0000 INFO  [o.n.k.i.n.s.StoreFactory]: /Users/chrisfitzpatrick/code/neo4j-test-app/db/neo4j-development/neostore.relationshiptypestore.db hit=0 miss=1 switches=0 ooe=0
2013-07-03 12:37:48.801+0000 INFO  [o.n.k.i.n.s.StoreFactory]: /Users/chrisfitzpatrick/code/neo4j-test-app/db/neo4j-development/neostore.propertystore.db.strings hit=0 miss=0 switches=0 ooe=0
2013-07-03 12:37:48.802+0000 INFO  [o.n.k.i.n.s.StoreFactory]: /Users/chrisfitzpatrick/code/neo4j-test-app/db/neo4j-development/neostore.propertystore.db.index.keys hit=0 miss=0 switches=0 ooe=0
2013-07-03 12:37:48.803+0000 INFO  [o.n.k.i.n.s.StoreFactory]: /Users/chrisfitzpatrick/code/neo4j-test-app/db/neo4j-development/neostore.propertystore.db.index hit=0 miss=0 switches=0 ooe=0
2013-07-03 12:37:48.805+0000 INFO  [o.n.k.i.n.s.StoreFactory]: /Users/chrisfitzpatrick/code/neo4j-test-app/db/neo4j-development/neostore.propertystore.db.arrays hit=0 miss=0 switches=0 ooe=0
2013-07-03 12:37:48.806+0000 INFO  [o.n.k.i.n.s.StoreFactory]: /Users/chrisfitzpatrick/code/neo4j-test-app/db/neo4j-development/neostore.propertystore.db hit=0 miss=0 switches=0 ooe=0
2013-07-03 12:37:48.807+0000 INFO  [o.n.k.i.n.s.StoreFactory]: /Users/chrisfitzpatrick/code/neo4j-test-app/db/neo4j-development/neostore.relationshipstore.db hit=1 miss=0 switches=0 ooe=0
2013-07-03 12:37:48.810+0000 INFO  [o.n.k.i.n.s.StoreFactory]: /Users/chrisfitzpatrick/code/neo4j-test-app/db/neo4j-development/neostore.nodestore.db hit=6 miss=0 switches=0 ooe=0
2013-07-03 12:37:48.811+0000 INFO  [o.n.k.i.n.s.StoreFactory]: /Users/chrisfitzpatrick/code/neo4j-test-app/db/neo4j-development/neostore hit=0 miss=18 switches=0 ooe=0
2013-07-03 12:37:48.812+0000 INFO  [o.n.k.i.n.x.NeoStoreXaDataSource]: NeoStore closed
2013-07-03 12:37:48.812+0000 INFO  [o.n.k.i.DiagnosticsManager]: --- STOPPING diagnostics START ---
2013-07-03 12:37:48.813+0000 INFO  [o.n.k.i.DiagnosticsManager]: --- STOPPING diagnostics END ---
2013-07-03 12:37:48.814+0000 INFO  [o.n.k.EmbeddedGraphDatabase]: NodeCache array:647168 purge:0 size:0b misses:9.090909% collisions:0.0% (0) av.purge waits:0 purge waits:0 avg. purge time:N/A
2013-07-03 12:37:48.814+0000 INFO  [o.n.k.EmbeddedGraphDatabase]: RelationshipCache array:647168 purge:0 size:0b misses:0.0% collisions:0.0% (0) av.purge waits:0 purge waits:0 avg. purge time:N/A
2013-07-03 12:40:19.467+0000 INFO  [o.n.k.i.DiagnosticsManager]: --- INITIALIZED diagnostics START ---
2013-07-03 12:40:19.471+0000 INFO  [o.n.k.i.DiagnosticsManager]: Neo4j Kernel properties:
2013-07-03 12:40:19.473+0000 INFO  [o.n.k.i.DiagnosticsManager]: identity_map=true
2013-07-03 12:40:19.473+0000 INFO  [o.n.k.i.DiagnosticsManager]: timestamps=true
2013-07-03 12:40:19.473+0000 INFO  [o.n.k.i.DiagnosticsManager]: store_dir=/Users/chrisfitzpatrick/code/neo4j-test-app/db/neo4j-development
2013-07-03 12:40:19.473+0000 INFO  [o.n.k.i.DiagnosticsManager]: online_backup_enabled=false
2013-07-03 12:40:19.473+0000 INFO  [o.n.k.i.DiagnosticsManager]: migration_thread=false
2013-07-03 12:40:19.473+0000 INFO  [o.n.k.i.DiagnosticsManager]: enable_rules=true
2013-07-03 12:40:19.473+0000 INFO  [o.n.k.i.DiagnosticsManager]: storage_path=/Users/chrisfitzpatrick/code/neo4j-test-app/db/neo4j-development
2013-07-03 12:40:19.474+0000 INFO  [o.n.k.i.DiagnosticsManager]: Diagnostics providers:
2013-07-03 12:40:19.474+0000 INFO  [o.n.k.i.DiagnosticsManager]: org.neo4j.kernel.configuration.Config
2013-07-03 12:40:19.474+0000 INFO  [o.n.k.i.DiagnosticsManager]: org.neo4j.kernel.info.DiagnosticsManager
2013-07-03 12:40:19.474+0000 INFO  [o.n.k.i.DiagnosticsManager]: SYSTEM_MEMORY
2013-07-03 12:40:19.474+0000 INFO  [o.n.k.i.DiagnosticsManager]: JAVA_MEMORY
2013-07-03 12:40:19.474+0000 INFO  [o.n.k.i.DiagnosticsManager]: OPERATING_SYSTEM
2013-07-03 12:40:19.474+0000 INFO  [o.n.k.i.DiagnosticsManager]: JAVA_VIRTUAL_MACHINE
2013-07-03 12:40:19.474+0000 INFO  [o.n.k.i.DiagnosticsManager]: CLASSPATH
2013-07-03 12:40:19.474+0000 INFO  [o.n.k.i.DiagnosticsManager]: LIBRARY_PATH
2013-07-03 12:40:19.474+0000 INFO  [o.n.k.i.DiagnosticsManager]: SYSTEM_PROPERTIES
2013-07-03 12:40:19.474+0000 INFO  [o.n.k.i.DiagnosticsManager]: NETWORK
2013-07-03 12:40:19.474+0000 INFO  [o.n.k.i.DiagnosticsManager]: NodeCache
2013-07-03 12:40:19.474+0000 INFO  [o.n.k.i.DiagnosticsManager]: RelationshipCache
2013-07-03 12:40:19.475+0000 INFO  [o.n.k.i.DiagnosticsManager]: System memory information:
2013-07-03 12:40:19.477+0000 INFO  [o.n.k.i.DiagnosticsManager]: JVM memory information:
2013-07-03 12:40:19.481+0000 INFO  [o.n.k.i.DiagnosticsManager]: Free  memory: 42.27 MB
2013-07-03 12:40:19.481+0000 INFO  [o.n.k.i.DiagnosticsManager]: Total memory: 119.34 MB
2013-07-03 12:40:19.481+0000 INFO  [o.n.k.i.DiagnosticsManager]: Max   memory: 505.63 MB
2013-07-03 12:40:19.482+0000 INFO  [o.n.k.i.DiagnosticsManager]: Garbage Collector: ParNew: [Par Eden Space, Par Survivor Space]
2013-07-03 12:40:19.482+0000 INFO  [o.n.k.i.DiagnosticsManager]: Garbage Collector: ConcurrentMarkSweep: [Par Eden Space, Par Survivor Space, CMS Old Gen, CMS Perm Gen]
2013-07-03 12:40:19.482+0000 INFO  [o.n.k.i.DiagnosticsManager]: Memory Pool: Code Cache (Non-heap memory): committed=6.57 MB, used=6.55 MB, max=32.00 MB, threshold=0.00 B
2013-07-03 12:40:19.483+0000 INFO  [o.n.k.i.DiagnosticsManager]: Memory Pool: Par Eden Space (Heap memory): committed=12.88 MB, used=1.06 MB, max=51.25 MB, threshold=?
2013-07-03 12:40:19.483+0000 INFO  [o.n.k.i.DiagnosticsManager]: Memory Pool: Par Survivor Space (Heap memory): committed=1.56 MB, used=1.10 MB, max=6.38 MB, threshold=?
2013-07-03 12:40:19.483+0000 INFO  [o.n.k.i.DiagnosticsManager]: Memory Pool: CMS Old Gen (Heap memory): committed=104.91 MB, used=74.92 MB, max=448.00 MB, threshold=0.00 B
2013-07-03 12:40:19.483+0000 INFO  [o.n.k.i.DiagnosticsManager]: Memory Pool: CMS Perm Gen (Non-heap memory): committed=110.21 MB, used=71.44 MB, max=256.00 MB, threshold=0.00 B
2013-07-03 12:40:19.483+0000 INFO  [o.n.k.i.DiagnosticsManager]: Operating system information:
2013-07-03 12:40:19.484+0000 INFO  [o.n.k.i.DiagnosticsManager]: Operating System: Mac OS X; version: 10.8.4; arch: i386; cpus: 4
2013-07-03 12:40:19.485+0000 INFO  [o.n.k.i.DiagnosticsManager]: Process id: 91692@t174.wmu.se
2013-07-03 12:40:19.485+0000 INFO  [o.n.k.i.DiagnosticsManager]: Byte order: LITTLE_ENDIAN
2013-07-03 12:40:19.485+0000 INFO  [o.n.k.i.DiagnosticsManager]: Local timezone: Europe/Stockholm
2013-07-03 12:40:19.485+0000 INFO  [o.n.k.i.DiagnosticsManager]: JVM information:
2013-07-03 12:40:19.485+0000 INFO  [o.n.k.i.DiagnosticsManager]: VM Name: Java HotSpot(TM) Client VM
2013-07-03 12:40:19.485+0000 INFO  [o.n.k.i.DiagnosticsManager]: VM Vendor: Apple Inc.
2013-07-03 12:40:19.485+0000 INFO  [o.n.k.i.DiagnosticsManager]: VM Version: 20.45-b01-451
2013-07-03 12:40:19.485+0000 INFO  [o.n.k.i.DiagnosticsManager]: JIT compiler: HotSpot Client Compiler
2013-07-03 12:40:19.485+0000 INFO  [o.n.k.i.DiagnosticsManager]: VM Arguments: [-D[Standalone], -Xms64m, -Xmx512m, -XX:MaxPermSize=256m, -Djava.net.preferIPv4Stack=true, -Dorg.jboss.resolver.warning=true, -Dsun.rmi.dgc.client.gcInterval=3600000, -Dsun.rmi.dgc.server.gcInterval=3600000, -Djboss.modules.system.pkgs=org.jboss.byteman, -Djava.awt.headless=true, -Djboss.server.default.config=standalone.xml, -Xss2048k, -Djruby.compile.invokedynamic=false, -Dorg.quartz.scheduler.skipUpdateCheck=true, -Dorg.jboss.boot.log.file=/Users/chrisfitzpatrick/.rvm/gems/jruby-1.7.2@beacon/gems/torquebox-server-2.3.0-java/jboss/standalone/log/boot.log, -Dlogging.configuration=file:/Users/chrisfitzpatrick/.rvm/gems/jruby-1.7.2@beacon/gems/torquebox-server-2.3.0-java/jboss/standalone/configuration/logging.properties]
2013-07-03 12:40:19.485+0000 INFO  [o.n.k.i.DiagnosticsManager]: Java classpath:
2013-07-03 12:40:19.488+0000 INFO  [o.n.k.i.DiagnosticsManager]:  [classpath + loader.2] file:/Users/chrisfitzpatrick/.rvm/gems/jruby-1.7.2@beacon/gems/torquebox-server-2.3.0-java/jboss/jboss-modules.jar
2013-07-03 12:40:19.488+0000 INFO  [o.n.k.i.DiagnosticsManager]:  [bootstrap] /System/Library/Java/JavaVirtualMachines/1.6.0.jdk/Contents/Classes/charsets.jar
2013-07-03 12:40:19.488+0000 INFO  [o.n.k.i.DiagnosticsManager]:  [loader.0] file:/Users/chrisfitzpatrick/.rvm/gems/jruby-1.7.2@beacon/gems/neo4j-community-1.9.M03-java/lib/neo4j-community/jars/lucene-core-3.5.0.jar
2013-07-03 12:40:19.488+0000 INFO  [o.n.k.i.DiagnosticsManager]:  [loader.3] file:/System/Library/Java/Extensions/dns_sd.jar
2013-07-03 12:40:19.488+0000 INFO  [o.n.k.i.DiagnosticsManager]:  [bootstrap] /System/Library/Frameworks/JavaVM.framework/Versions/A/Frameworks/JavaRuntimeSupport.framework/Versions/A/Resources/Java/JavaRuntimeSupport.jar
2013-07-03 12:40:19.488+0000 INFO  [o.n.k.i.DiagnosticsManager]:  [loader.0] file:/Users/chrisfitzpatrick/.rvm/gems/jruby-1.7.2@beacon/gems/neo4j-community-1.9.M03-java/lib/neo4j-community/jars/neo4j-graph-matching-1.9.M03.jar
2013-07-03 12:40:19.488+0000 INFO  [o.n.k.i.DiagnosticsManager]:  [loader.0] file:/Users/chrisfitzpatrick/.rvm/gems/jruby-1.7.2@beacon/gems/therubyrhino_jar-1.7.4/jar/rhino-1.7R4.jar
2013-07-03 12:40:19.488+0000 INFO  [o.n.k.i.DiagnosticsManager]:  [loader.3] file:/System/Library/Java/Extensions/MRJToolkit.jar
2013-07-03 12:40:19.489+0000 INFO  [o.n.k.i.DiagnosticsManager]:  [loader.3] file:/System/Library/Java/Extensions/vecmath.jar
2013-07-03 12:40:19.489+0000 INFO  [o.n.k.i.DiagnosticsManager]:  [loader.0] file:/Users/chrisfitzpatrick/.rvm/gems/jruby-1.7.2@beacon/gems/torquebox-messaging-2.3.0-java/lib/hornetq-jms-2.2.21.Final.jar
2013-07-03 12:40:19.489+0000 INFO  [o.n.k.i.DiagnosticsManager]:  [loader.3] file:/System/Library/Java/Extensions/libmlib_jai.jnilib
2013-07-03 12:40:19.489+0000 INFO  [o.n.k.i.DiagnosticsManager]:  [loader.0] file:/Users/chrisfitzpatrick/.rvm/gems/jruby-1.7.2@global/gems/jruby-openssl-0.8.8/lib/shared/jopenssl.jar
2013-07-03 12:40:19.489+0000 INFO  [o.n.k.i.DiagnosticsManager]:  [loader.0] file:/Users/chrisfitzpatrick/.rvm/gems/jruby-1.7.2@global/gems/bouncy-castle-java-1.5.0147/lib/bcpkix-jdk15on-147.jar
2013-07-03 12:40:19.489+0000 INFO  [o.n.k.i.DiagnosticsManager]:  [loader.3] file:/System/Library/Java/JavaVirtualMachines/1.6.0.jdk/Contents/Home/lib/ext/dnsns.jar
2013-07-03 12:40:19.489+0000 INFO  [o.n.k.i.DiagnosticsManager]:  [loader.0] file:/Users/chrisfitzpatrick/.rvm/gems/jruby-1.7.2@beacon/gems/torquebox-cache-2.3.0-java/lib/polyglot-cache-1.12.0.jar
2013-07-03 12:40:19.489+0000 INFO  [o.n.k.i.DiagnosticsManager]:  [loader.0] file:/Users/chrisfitzpatrick/.rvm/gems/jruby-1.7.2@beacon/gems/neo4j-community-1.9.M03-java/lib/neo4j-community/jars/server-api-1.9.M03.jar
2013-07-03 12:40:19.489+0000 INFO  [o.n.k.i.DiagnosticsManager]:  [loader.0] file:/Users/chrisfitzpatrick/.rvm/gems/jruby-1.7.2@beacon/gems/neo4j-enterprise-1.9.M03-java/lib/neo4j-enterprise/jars/neo4j-udc-1.9.M03.jar
2013-07-03 12:40:19.489+0000 INFO  [o.n.k.i.DiagnosticsManager]:  [bootstrap] /System/Library/Java/JavaVirtualMachines/1.6.0.jdk/Contents/Classes/laf.jar
2013-07-03 12:40:19.489+0000 INFO  [o.n.k.i.DiagnosticsManager]:  [loader.0] file:/Users/chrisfitzpatrick/.rvm/gems/jruby-1.7.2@beacon/gems/neo4j-enterprise-1.9.M03-java/lib/neo4j-enterprise/jars/neo4j-cluster-1.9.M03.jar
2013-07-03 12:40:19.489+0000 INFO  [o.n.k.i.DiagnosticsManager]:  [loader.0] file:/Users/chrisfitzpatrick/.rvm/gems/jruby-1.7.2@beacon/gems/torquebox-messaging-2.3.0-java/lib/torquebox-messaging.jar
2013-07-03 12:40:19.489+0000 INFO  [o.n.k.i.DiagnosticsManager]:  [loader.3] file:/System/Library/Java/Extensions/libJ3D.jnilib
2013-07-03 12:40:19.489+0000 INFO  [o.n.k.i.DiagnosticsManager]:  [loader.3] file:/System/Library/Java/Extensions/mlibwrapper_jai.jar
2013-07-03 12:40:19.489+0000 INFO  [o.n.k.i.DiagnosticsManager]:  [loader.0] file:/Users/chrisfitzpatrick/.rvm/gems/jruby-1.7.2@beacon/gems/neo4j-community-1.9.M03-java/lib/neo4j-community/jars/geronimo-jta_1.1_spec-1.1.1.jar
2013-07-03 12:40:19.489+0000 INFO  [o.n.k.i.DiagnosticsManager]:  [bootstrap] /System/Library/Java/JavaVirtualMachines/1.6.0.jdk/Contents/Classes/classes.jar
2013-07-03 12:40:19.489+0000 INFO  [o.n.k.i.DiagnosticsManager]:  [loader.3] file:/System/Library/Java/JavaVirtualMachines/1.6.0.jdk/Contents/Home/lib/ext/localedata.jar
2013-07-03 12:40:19.489+0000 INFO  [o.n.k.i.DiagnosticsManager]:  [loader.3] file:/System/Library/Java/Extensions/QTJava.zip
2013-07-03 12:40:19.489+0000 INFO  [o.n.k.i.DiagnosticsManager]:  [loader.0] file:/Users/chrisfitzpatrick/.rvm/gems/jruby-1.7.2@beacon/gems/neo4j-enterprise-1.9.M03-java/lib/neo4j-enterprise/jars/neo4j-consistency-check-1.9.M03.jar
2013-07-03 12:40:19.489+0000 INFO  [o.n.k.i.DiagnosticsManager]:  [loader.0] file:/Users/chrisfitzpatrick/.rvm/gems/jruby-1.7.2@beacon/gems/torquebox-cache-2.3.0-java/lib/polyglot-core-1.12.0.jar
2013-07-03 12:40:19.489+0000 INFO  [o.n.k.i.DiagnosticsManager]:  [loader.0] file:/Users/chrisfitzpatrick/.rvm/gems/jruby-1.7.2@beacon/gems/torquebox-naming-2.3.0-java/lib/torquebox-naming.jar
2013-07-03 12:40:19.489+0000 INFO  [o.n.k.i.DiagnosticsManager]:  [loader.0] file:/Users/chrisfitzpatrick/.rvm/gems/jruby-1.7.2@beacon/gems/neo4j-enterprise-1.9.M03-java/lib/neo4j-enterprise/jars/logback-classic-0.9.30.jar
2013-07-03 12:40:19.489+0000 INFO  [o.n.k.i.DiagnosticsManager]:  [loader.0] file:/Users/chrisfitzpatrick/.rvm/gems/jruby-1.7.2@beacon/gems/torquebox-web-2.3.0-java/lib/torquebox-web.jar
2013-07-03 12:40:19.489+0000 INFO  [o.n.k.i.DiagnosticsManager]:  [loader.0] file:/Users/chrisfitzpatrick/.rvm/gems/jruby-1.7.2@beacon/gems/neo4j-advanced-1.9.M03-java/lib/neo4j-advanced/jars/neo4j-management-1.9.M03.jar
2013-07-03 12:40:19.489+0000 INFO  [o.n.k.i.DiagnosticsManager]:  [loader.3] file:/System/Library/Java/Extensions/libJ3DAudio.jnilib
2013-07-03 12:40:19.489+0000 INFO  [o.n.k.i.DiagnosticsManager]:  [loader.3] file:/System/Library/Java/Extensions/libAppleScriptEngine.jnilib
2013-07-03 12:40:19.489+0000 INFO  [o.n.k.i.DiagnosticsManager]:  [bootstrap] /System/Library/Java/JavaVirtualMachines/1.6.0.jdk/Contents/Classes/ui.jar
2013-07-03 12:40:19.489+0000 INFO  [o.n.k.i.DiagnosticsManager]:  [loader.3] file:/System/Library/Java/Extensions/j3daudio.jar
2013-07-03 12:40:19.489+0000 INFO  [o.n.k.i.DiagnosticsManager]:  [loader.0] file:/Users/chrisfitzpatrick/.rvm/gems/jruby-1.7.2@beacon/gems/neo4j-enterprise-1.9.M03-java/lib/neo4j-enterprise/jars/zookeeper-3.3.2.jar
2013-07-03 12:40:19.489+0000 INFO  [o.n.k.i.DiagnosticsManager]:  [loader.0] file:/Users/chrisfitzpatrick/.rvm/gems/jruby-1.7.2@beacon/gems/torquebox-messaging-2.3.0-java/lib/jboss-jms-api_1.1_spec-1.0.1.Final.jar
2013-07-03 12:40:19.489+0000 INFO  [o.n.k.i.DiagnosticsManager]:  [loader.3] file:/System/Library/Java/Extensions/libJ3DUtils.jnilib
2013-07-03 12:40:19.489+0000 INFO  [o.n.k.i.DiagnosticsManager]:  [loader.3] file:/System/Library/Java/Extensions/libQTJNative.jnilib
2013-07-03 12:40:19.490+0000 INFO  [o.n.k.i.DiagnosticsManager]:  [loader.0] file:/Users/chrisfitzpatrick/.rvm/gems/jruby-1.7.2@beacon/gems/torquebox-messaging-2.3.0-java/lib/jboss-transaction-api_1.1_spec-1.0.1.Final.jar
2013-07-03 12:40:19.490+0000 INFO  [o.n.k.i.DiagnosticsManager]:  [loader.0] file:/Users/chrisfitzpatrick/.rvm/gems/jruby-1.7.2@beacon/gems/neo4j-community-1.9.M03-java/lib/neo4j-community/jars/neo4j-udc-1.9.M03.jar
2013-07-03 12:40:19.490+0000 INFO  [o.n.k.i.DiagnosticsManager]:  [loader.3] file:/System/Library/Java/Extensions/j3dcore.jar
2013-07-03 12:40:19.490+0000 INFO  [o.n.k.i.DiagnosticsManager]:  [bootstrap] /System/Library/Java/JavaVirtualMachines/1.6.0.jdk/Contents/Classes/sunrsasign.jar
2013-07-03 12:40:19.490+0000 INFO  [o.n.k.i.DiagnosticsManager]:  [loader.0] file:/Users/chrisfitzpatrick/.rvm/gems/jruby-1.7.2@beacon/gems/neo4j-community-1.9.M03-java/lib/neo4j-community/jars/neo4j-graph-algo-1.9.M03.jar
2013-07-03 12:40:19.490+0000 INFO  [o.n.k.i.DiagnosticsManager]:  [loader.3] file:/System/Library/Java/Extensions/j3dutils.jar
2013-07-03 12:40:19.490+0000 INFO  [o.n.k.i.DiagnosticsManager]:  [loader.3] file:/System/Library/Java/Extensions/jai_core.jar
2013-07-03 12:40:19.490+0000 INFO  [o.n.k.i.DiagnosticsManager]:  [loader.0] file:/Users/chrisfitzpatrick/.rvm/gems/jruby-1.7.2@beacon/gems/torquebox-messaging-2.3.0-java/lib/hornetq-core-2.2.21.Final.jar
2013-07-03 12:40:19.490+0000 INFO  [o.n.k.i.DiagnosticsManager]:  [loader.0] file:/Users/chrisfitzpatrick/.rvm/gems/jruby-1.7.2@beacon/gems/neo4j-community-1.9.M03-java/lib/neo4j-community/jars/neo4j-kernel-1.9.M03.jar
2013-07-03 12:40:19.490+0000 INFO  [o.n.k.i.DiagnosticsManager]:  [loader.0] file:/Users/chrisfitzpatrick/.rvm/gems/jruby-1.7.2@beacon/gems/torquebox-cache-2.3.0-java/lib/torquebox-cache.jar
2013-07-03 12:40:19.490+0000 INFO  [o.n.k.i.DiagnosticsManager]:  [loader.0] file:/Users/chrisfitzpatrick/.rvm/gems/jruby-1.7.2@beacon/gems/neo4j-core-2.2.4-java/lib/neo4j-core/jars/neo4jrb-adaptor.jar
2013-07-03 12:40:19.490+0000 INFO  [o.n.k.i.DiagnosticsManager]:  [loader.0] file:/Users/chrisfitzpatrick/.rvm/gems/jruby-1.7.2@beacon/gems/json-1.8.0-java/lib/json/ext/generator.jar
2013-07-03 12:40:19.490+0000 INFO  [o.n.k.i.DiagnosticsManager]:  [loader.0] file:/Users/chrisfitzpatrick/.rvm/gems/jruby-1.7.2@beacon/gems/neo4j-enterprise-1.9.M03-java/lib/neo4j-enterprise/jars/neo4j-ha-1.9.M03.jar
2013-07-03 12:40:19.490+0000 INFO  [o.n.k.i.DiagnosticsManager]:  [loader.3] file:/System/Library/Java/Extensions/jai_codec.jar
2013-07-03 12:40:19.490+0000 INFO  [o.n.k.i.DiagnosticsManager]:  [loader.0] file:/Users/chrisfitzpatrick/.rvm/gems/jruby-1.7.2@beacon/gems/neo4j-enterprise-1.9.M03-java/lib/neo4j-enterprise/jars/server-api-1.9.M03.jar
2013-07-03 12:40:19.490+0000 INFO  [o.n.k.i.DiagnosticsManager]:  [loader.0] file:/Users/chrisfitzpatrick/.rvm/gems/jruby-1.7.2@beacon/gems/json-1.8.0-java/lib/json/ext/parser.jar
2013-07-03 12:40:19.490+0000 INFO  [o.n.k.i.DiagnosticsManager]:  [loader.0] file:/Users/chrisfitzpatrick/.rvm/gems/jruby-1.7.2@beacon/gems/neo4j-enterprise-1.9.M03-java/lib/neo4j-enterprise/jars/neo4j-com-1.9.M03.jar
2013-07-03 12:40:19.490+0000 INFO  [o.n.k.i.DiagnosticsManager]:  [loader.0] file:/Users/chrisfitzpatrick/.rvm/gems/jruby-1.7.2@beacon/gems/torquebox-core-2.3.0-java/lib/torquebox-core.jar
2013-07-03 12:40:19.490+0000 INFO  [o.n.k.i.DiagnosticsManager]:  [loader.0] file:/Users/chrisfitzpatrick/.rvm/gems/jruby-1.7.2@beacon/gems/neo4j-community-1.9.M03-java/lib/neo4j-community/jars/scala-library-2.9.1-1.jar
2013-07-03 12:40:19.490+0000 INFO  [o.n.k.i.DiagnosticsManager]:  [loader.0] file:/Users/chrisfitzpatrick/.rvm/gems/jruby-1.7.2@beacon/gems/neo4j-community-1.9.M03-java/lib/neo4j-community/jars/neo4j-shell-1.9.M03.jar
2013-07-03 12:40:19.490+0000 INFO  [o.n.k.i.DiagnosticsManager]:  [loader.0] file:/Users/chrisfitzpatrick/.rvm/gems/jruby-1.7.2@beacon/gems/neo4j-enterprise-1.9.M03-java/lib/neo4j-enterprise/jars/netty-3.5.7.Final.jar
2013-07-03 12:40:19.490+0000 INFO  [o.n.k.i.DiagnosticsManager]:  [loader.3] file:/System/Library/Java/JavaVirtualMachines/1.6.0.jdk/Contents/Home/lib/ext/sunjce_provider.jar
2013-07-03 12:40:19.490+0000 INFO  [o.n.k.i.DiagnosticsManager]:  [loader.0] file:/Users/chrisfitzpatrick/.rvm/gems/jruby-1.7.2@beacon/gems/torquebox-server-2.3.0-java/lib/torquebox-server.jar
2013-07-03 12:40:19.490+0000 INFO  [o.n.k.i.DiagnosticsManager]:  [loader.0] file:/Users/chrisfitzpatrick/.rvm/gems/jruby-1.7.2@beacon/gems/neo4j-enterprise-1.9.M03-java/lib/neo4j-enterprise/jars/slf4j-api-1.6.2.jar
2013-07-03 12:40:19.490+0000 INFO  [o.n.k.i.DiagnosticsManager]:  [loader.0] file:/Users/chrisfitzpatrick/.rvm/gems/jruby-1.7.2@global/gems/bouncy-castle-java-1.5.0147/lib/bcprov-jdk15on-147.jar
2013-07-03 12:40:19.490+0000 INFO  [o.n.k.i.DiagnosticsManager]:  [loader.0] file:/Users/chrisfitzpatrick/.rvm/gems/jruby-1.7.2@beacon/gems/torquebox-messaging-2.3.0-java/lib/netty-3.2.6.Final.jar
2013-07-03 12:40:19.490+0000 INFO  [o.n.k.i.DiagnosticsManager]:  [loader.0] file:/Users/chrisfitzpatrick/.rvm/gems/jruby-1.7.2@beacon/gems/neo4j-community-1.9.M03-java/lib/neo4j-community/jars/neo4j-lucene-index-1.9.M03.jar
2013-07-03 12:40:19.490+0000 INFO  [o.n.k.i.DiagnosticsManager]:  [loader.0] file:/Users/chrisfitzpatrick/.rvm/gems/jruby-1.7.2@beacon/gems/neo4j-community-1.9.M03-java/lib/neo4j-community/jars/org.apache.servicemix.bundles.jline-0.9.94_1.jar
2013-07-03 12:40:19.490+0000 INFO  [o.n.k.i.DiagnosticsManager]:  [loader.0] file:/Users/chrisfitzpatrick/.rvm/gems/jruby-1.7.2@beacon/gems/neo4j-community-1.9.M03-java/lib/neo4j-community/jars/concurrentlinkedhashmap-lru-1.3.1.jar
2013-07-03 12:40:19.490+0000 INFO  [o.n.k.i.DiagnosticsManager]:  [loader.0] file:/Users/chrisfitzpatrick/.rvm/gems/jruby-1.7.2@beacon/gems/neo4j-enterprise-1.9.M03-java/lib/neo4j-enterprise/jars/neo4j-backup-1.9.M03.jar
2013-07-03 12:40:19.490+0000 INFO  [o.n.k.i.DiagnosticsManager]:  [bootstrap] /System/Library/Java/JavaVirtualMachines/1.6.0.jdk/Contents/Home/lib/jce.jar
2013-07-03 12:40:19.490+0000 INFO  [o.n.k.i.DiagnosticsManager]:  [bootstrap] /System/Library/Java/JavaVirtualMachines/1.6.0.jdk/Contents/Classes/jsse.jar
2013-07-03 12:40:19.490+0000 INFO  [o.n.k.i.DiagnosticsManager]:  [loader.0] file:/Users/chrisfitzpatrick/.rvm/gems/jruby-1.7.2@beacon/gems/neo4j-enterprise-1.9.M03-java/lib/neo4j-enterprise/jars/logback-core-0.9.30.jar
2013-07-03 12:40:19.490+0000 INFO  [o.n.k.i.DiagnosticsManager]:  [loader.3] file:/System/Library/Java/Extensions/AppleScriptEngine.jar
2013-07-03 12:40:19.490+0000 INFO  [o.n.k.i.DiagnosticsManager]:  [loader.0] file:/Users/chrisfitzpatrick/.rvm/gems/jruby-1.7.2@beacon/gems/neo4j-community-1.9.M03-java/lib/neo4j-community/jars/neo4j-cypher-1.9.M03.jar
2013-07-03 12:40:19.491+0000 INFO  [o.n.k.i.DiagnosticsManager]:  [loader.3] file:/System/Library/Java/JavaVirtualMachines/1.6.0.jdk/Contents/Home/lib/ext/apple_provider.jar
2013-07-03 12:40:19.491+0000 INFO  [o.n.k.i.DiagnosticsManager]:  [bootstrap] /System/Library/Java/JavaVirtualMachines/1.6.0.jdk/Contents/Classes/jsfd.jar
2013-07-03 12:40:19.491+0000 INFO  [o.n.k.i.DiagnosticsManager]:  [loader.0] file:/Users/chrisfitzpatrick/.rvm/gems/jruby-1.7.2@beacon/gems/neo4j-enterprise-1.9.M03-java/lib/neo4j-enterprise/jars/log4j-1.2.16.jar
2013-07-03 12:40:19.491+0000 INFO  [o.n.k.i.DiagnosticsManager]:  [loader.3] file:/System/Library/Java/JavaVirtualMachines/1.6.0.jdk/Contents/Home/lib/ext/sunpkcs11.jar
2013-07-03 12:40:19.491+0000 INFO  [o.n.k.i.DiagnosticsManager]:  [loader.0] file:/Users/chrisfitzpatrick/.rvm/gems/jruby-1.7.2@beacon/gems/neo4j-community-1.9.M03-java/lib/neo4j-community/jars/neo4j-jmx-1.9.M03.jar
2013-07-03 12:40:19.491+0000 INFO  [o.n.k.i.DiagnosticsManager]: Library path:
2013-07-03 12:40:19.491+0000 INFO  [o.n.k.i.DiagnosticsManager]: /Users/chrisfitzpatrick/.rvm/gems/jruby-1.7.2@beacon/gems/torquebox-server-2.3.0-java/jboss
2013-07-03 12:40:19.491+0000 INFO  [o.n.k.i.DiagnosticsManager]: /Library/Java/Extensions
2013-07-03 12:40:19.491+0000 INFO  [o.n.k.i.DiagnosticsManager]: /System/Library/Java/Extensions
2013-07-03 12:40:19.491+0000 INFO  [o.n.k.i.DiagnosticsManager]: /usr/lib/java
2013-07-03 12:40:19.491+0000 INFO  [o.n.k.i.DiagnosticsManager]: System.properties:
2013-07-03 12:40:19.491+0000 INFO  [o.n.k.i.DiagnosticsManager]: jboss.qualified.host.name = t174.wmu.se
2013-07-03 12:40:19.491+0000 INFO  [o.n.k.i.DiagnosticsManager]: logging.configuration = file:/Users/chrisfitzpatrick/.rvm/gems/jruby-1.7.2@beacon/gems/torquebox-server-2.3.0-java/jboss/standalone/configuration/logging.properties
2013-07-03 12:40:19.491+0000 INFO  [o.n.k.i.DiagnosticsManager]: jboss.modules.system.pkgs = org.jboss.byteman
2013-07-03 12:40:19.491+0000 INFO  [o.n.k.i.DiagnosticsManager]: sun.java.launcher = SUN_STANDARD
2013-07-03 12:40:19.491+0000 INFO  [o.n.k.i.DiagnosticsManager]: javax.xml.stream.XMLInputFactory = __redirected.__XMLInputFactory
2013-07-03 12:40:19.491+0000 INFO  [o.n.k.i.DiagnosticsManager]: sun.management.compiler = HotSpot Client Compiler
2013-07-03 12:40:19.491+0000 INFO  [o.n.k.i.DiagnosticsManager]: org.apache.tomcat.util.http.ServerCookie.FWD_SLASH_IS_SEPARATOR = false
2013-07-03 12:40:19.491+0000 INFO  [o.n.k.i.DiagnosticsManager]: javax.xml.stream.XMLEventFactory = __redirected.__XMLEventFactory
2013-07-03 12:40:19.491+0000 INFO  [o.n.k.i.DiagnosticsManager]: user.name = chrisfitzpatrick
2013-07-03 12:40:19.491+0000 INFO  [o.n.k.i.DiagnosticsManager]: javax.xml.stream.XMLOutputFactory = __redirected.__XMLOutputFactory
2013-07-03 12:40:19.491+0000 INFO  [o.n.k.i.DiagnosticsManager]: awt.nativeDoubleBuffering = true
2013-07-03 12:40:19.491+0000 INFO  [o.n.k.i.DiagnosticsManager]: jboss.node.name = t174
2013-07-03 12:40:19.491+0000 INFO  [o.n.k.i.DiagnosticsManager]: [Standalone] = 
2013-07-03 12:40:19.492+0000 INFO  [o.n.k.i.DiagnosticsManager]: javax.xml.parsers.SAXParserFactory = __redirected.__SAXParserFactory
2013-07-03 12:40:19.492+0000 INFO  [o.n.k.i.DiagnosticsManager]: jboss.home.dir = /Users/chrisfitzpatrick/.rvm/gems/jruby-1.7.2@beacon/gems/torquebox-server-2.3.0-java/jboss
2013-07-03 12:40:19.492+0000 INFO  [o.n.k.i.DiagnosticsManager]: user.language = en
2013-07-03 12:40:19.492+0000 INFO  [o.n.k.i.DiagnosticsManager]: sun.boot.library.path = /System/Library/Java/JavaVirtualMachines/1.6.0.jdk/Contents/Libraries
2013-07-03 12:40:19.492+0000 INFO  [o.n.k.i.DiagnosticsManager]: user.timezone = Europe/Stockholm
2013-07-03 12:40:19.492+0000 INFO  [o.n.k.i.DiagnosticsManager]: jboss.server.default.config = standalone.xml
2013-07-03 12:40:19.492+0000 INFO  [o.n.k.i.DiagnosticsManager]: sun.arch.data.model = 32
2013-07-03 12:40:19.492+0000 INFO  [o.n.k.i.DiagnosticsManager]: http.nonProxyHosts = local|*.local|169.254/16|*.169.254/16
2013-07-03 12:40:19.492+0000 INFO  [o.n.k.i.DiagnosticsManager]: org.jboss.com.sun.CORBA.ORBUseDynamicStub = true
2013-07-03 12:40:19.492+0000 INFO  [o.n.k.i.DiagnosticsManager]: jboss.server.config.dir = /Users/chrisfitzpatrick/.rvm/gems/jruby-1.7.2@beacon/gems/torquebox-server-2.3.0-java/jboss/standalone/configuration
2013-07-03 12:40:19.492+0000 INFO  [o.n.k.i.DiagnosticsManager]: sun.cpu.isalist = 
2013-07-03 12:40:19.492+0000 INFO  [o.n.k.i.DiagnosticsManager]: sun.jnu.encoding = MacRoman
2013-07-03 12:40:19.492+0000 INFO  [o.n.k.i.DiagnosticsManager]: file.encoding.pkg = sun.io
2013-07-03 12:40:19.492+0000 INFO  [o.n.k.i.DiagnosticsManager]: file.separator = /
2013-07-03 12:40:19.492+0000 INFO  [o.n.k.i.DiagnosticsManager]: javax.xml.xpath.XPathFactory:http://java.sun.com/jaxp/xpath/dom = __redirected.__XPathFactory
2013-07-03 12:40:19.492+0000 INFO  [o.n.k.i.DiagnosticsManager]: user.country = US
2013-07-03 12:40:19.492+0000 INFO  [o.n.k.i.DiagnosticsManager]: javax.xml.parsers.DocumentBuilderFactory = __redirected.__DocumentBuilderFactory
2013-07-03 12:40:19.492+0000 INFO  [o.n.k.i.DiagnosticsManager]: org.jboss.boot.log.file = /Users/chrisfitzpatrick/.rvm/gems/jruby-1.7.2@beacon/gems/torquebox-server-2.3.0-java/jboss/standalone/log/boot.log
2013-07-03 12:40:19.492+0000 INFO  [o.n.k.i.DiagnosticsManager]: org.omg.CORBA.ORBSingletonClass = org.jacorb.orb.ORBSingleton
2013-07-03 12:40:19.492+0000 INFO  [o.n.k.i.DiagnosticsManager]: path.separator = :
2013-07-03 12:40:19.492+0000 INFO  [o.n.k.i.DiagnosticsManager]: jboss.modules.dir = /Users/chrisfitzpatrick/.rvm/gems/jruby-1.7.2@beacon/gems/torquebox-server-2.3.0-java/jboss/modules
2013-07-03 12:40:19.492+0000 INFO  [o.n.k.i.DiagnosticsManager]: sun.io.unicode.encoding = UnicodeLittle
2013-07-03 12:40:19.492+0000 INFO  [o.n.k.i.DiagnosticsManager]: jboss.server.deploy.dir = /Users/chrisfitzpatrick/.rvm/gems/jruby-1.7.2@beacon/gems/torquebox-server-2.3.0-java/jboss/standalone/data/content
2013-07-03 12:40:19.492+0000 INFO  [o.n.k.i.DiagnosticsManager]: awt.toolkit = apple.awt.CToolkit
2013-07-03 12:40:19.492+0000 INFO  [o.n.k.i.DiagnosticsManager]: org.apache.tomcat.util.net.WAIT_FOR_THREAD = false
2013-07-03 12:40:19.492+0000 INFO  [o.n.k.i.DiagnosticsManager]: module.path = /Users/chrisfitzpatrick/.rvm/gems/jruby-1.7.2@beacon/gems/torquebox-server-2.3.0-java/jboss/modules
2013-07-03 12:40:19.492+0000 INFO  [o.n.k.i.DiagnosticsManager]: socksNonProxyHosts = local|*.local|169.254/16|*.169.254/16
2013-07-03 12:40:19.492+0000 INFO  [o.n.k.i.DiagnosticsManager]: ftp.nonProxyHosts = local|*.local|169.254/16|*.169.254/16
2013-07-03 12:40:19.492+0000 INFO  [o.n.k.i.DiagnosticsManager]: jboss.server.temp.dir = /Users/chrisfitzpatrick/.rvm/gems/jruby-1.7.2@beacon/gems/torquebox-server-2.3.0-java/jboss/standalone/tmp
2013-07-03 12:40:19.492+0000 INFO  [o.n.k.i.DiagnosticsManager]: sun.rmi.dgc.client.gcInterval = 3600000
2013-07-03 12:40:19.493+0000 INFO  [o.n.k.i.DiagnosticsManager]: user.home = /Users/chrisfitzpatrick
2013-07-03 12:40:19.493+0000 INFO  [o.n.k.i.DiagnosticsManager]: org.osgi.vendor.framework = org.jboss.osgi.framework
2013-07-03 12:40:19.493+0000 INFO  [o.n.k.i.DiagnosticsManager]: org.xml.sax.driver = __redirected.__XMLReaderFactory
2013-07-03 12:40:19.493+0000 INFO  [o.n.k.i.DiagnosticsManager]: org.jboss.resolver.warning = true
2013-07-03 12:40:19.493+0000 INFO  [o.n.k.i.DiagnosticsManager]: gopherProxySet = false
2013-07-03 12:40:19.493+0000 INFO  [o.n.k.i.DiagnosticsManager]: sun.rmi.dgc.server.gcInterval = 3600000
2013-07-03 12:40:19.493+0000 INFO  [o.n.k.i.DiagnosticsManager]: sun.java.command = /Users/chrisfitzpatrick/.rvm/gems/jruby-1.7.2@beacon/gems/torquebox-server-2.3.0-java/jboss/jboss-modules.jar -mp /Users/chrisfitzpatrick/.rvm/gems/jruby-1.7.2@beacon/gems/torquebox-server-2.3.0-java/jboss/modules -jaxpmodule javax.xml.jaxp-provider org.jboss.as.standalone -Djboss.home.dir=/Users/chrisfitzpatrick/.rvm/gems/jruby-1.7.2@beacon/gems/torquebox-server-2.3.0-java/jboss -Djboss.server.base.dir=/Users/chrisfitzpatrick/.rvm/gems/jruby-1.7.2@beacon/gems/torquebox-server-2.3.0-java/jboss/standalone -Djruby.home=/Users/chrisfitzpatrick/.rvm/rubies/jruby-1.7.2 --server-config=standalone.xml
2013-07-03 12:40:19.493+0000 INFO  [o.n.k.i.DiagnosticsManager]: org.jboss.security.context.ThreadLocal = true
2013-07-03 12:40:19.493+0000 INFO  [o.n.k.i.DiagnosticsManager]: jboss.server.log.dir = /Users/chrisfitzpatrick/.rvm/gems/jruby-1.7.2@beacon/gems/torquebox-server-2.3.0-java/jboss/standalone/log
2013-07-03 12:40:19.493+0000 INFO  [o.n.k.i.DiagnosticsManager]: catalina.home = /Users/chrisfitzpatrick/.rvm/gems/jruby-1.7.2@beacon/gems/torquebox-server-2.3.0-java/jboss/standalone/tmp
2013-07-03 12:40:19.493+0000 INFO  [o.n.k.i.DiagnosticsManager]: javax.xml.validation.SchemaFactory:http://www.w3.org/2001/XMLSchema = __redirected.__SchemaFactory
2013-07-03 12:40:19.493+0000 INFO  [o.n.k.i.DiagnosticsManager]: sun.cpu.endian = little
2013-07-03 12:40:19.493+0000 INFO  [o.n.k.i.DiagnosticsManager]: sun.os.patch.level = unknown
2013-07-03 12:40:19.493+0000 INFO  [o.n.k.i.DiagnosticsManager]: jboss.server.data.dir = /Users/chrisfitzpatrick/.rvm/gems/jruby-1.7.2@beacon/gems/torquebox-server-2.3.0-java/jboss/standalone/data
2013-07-03 12:40:19.493+0000 INFO  [o.n.k.i.DiagnosticsManager]: mrj.build = 11M4406
2013-07-03 12:40:19.493+0000 INFO  [o.n.k.i.DiagnosticsManager]: neo4j.ext.udc.source = neo4rb
2013-07-03 12:40:19.493+0000 INFO  [o.n.k.i.DiagnosticsManager]: jruby.home = /Users/chrisfitzpatrick/.rvm/rubies/jruby-1.7.2
2013-07-03 12:40:19.493+0000 INFO  [o.n.k.i.DiagnosticsManager]: mrj.version = 1070.1.6.0_45-451
2013-07-03 12:40:19.493+0000 INFO  [o.n.k.i.DiagnosticsManager]: user.dir = /Users/chrisfitzpatrick/.rvm/gems/jruby-1.7.2@beacon/gems/torquebox-server-2.3.0-java/jboss
2013-07-03 12:40:19.493+0000 INFO  [o.n.k.i.DiagnosticsManager]: jruby.compile.invokedynamic = false
2013-07-03 12:40:19.493+0000 INFO  [o.n.k.i.DiagnosticsManager]: jboss.server.base.dir = /Users/chrisfitzpatrick/.rvm/gems/jruby-1.7.2@beacon/gems/torquebox-server-2.3.0-java/jboss/standalone
2013-07-03 12:40:19.493+0000 INFO  [o.n.k.i.DiagnosticsManager]: org.quartz.scheduler.skipUpdateCheck = true
2013-07-03 12:40:19.493+0000 INFO  [o.n.k.i.DiagnosticsManager]: javax.management.builder.initial = org.jboss.as.jmx.PluggableMBeanServerBuilder
2013-07-03 12:40:19.493+0000 INFO  [o.n.k.i.DiagnosticsManager]: javax.xml.datatype.DatatypeFactory = __redirected.__DatatypeFactory
2013-07-03 12:40:19.493+0000 INFO  [o.n.k.i.DiagnosticsManager]: org.omg.CORBA.ORBClass = org.jacorb.orb.ORB
2013-07-03 12:40:19.493+0000 INFO  [o.n.k.i.DiagnosticsManager]: file.encoding = MacRoman
2013-07-03 12:40:19.493+0000 INFO  [o.n.k.i.DiagnosticsManager]: jboss.host.name = t174
2013-07-03 12:40:19.493+0000 INFO  [o.n.k.i.DiagnosticsManager]: javax.xml.transform.TransformerFactory = __redirected.__TransformerFactory
2013-07-03 12:40:19.493+0000 INFO  [o.n.k.i.DiagnosticsManager]: jboss.server.name = t174
2013-07-03 12:40:19.494+0000 INFO  [o.n.k.i.DiagnosticsManager]: Network information:
2013-07-03 12:40:19.494+0000 INFO  [o.n.k.i.DiagnosticsManager]: Interface en1:
2013-07-03 12:40:19.494+0000 INFO  [o.n.k.i.DiagnosticsManager]:     address: 195.178.246.174
2013-07-03 12:40:19.494+0000 INFO  [o.n.k.i.DiagnosticsManager]: Interface lo0:
2013-07-03 12:40:19.494+0000 INFO  [o.n.k.i.DiagnosticsManager]:     address: 127.0.0.1
2013-07-03 12:40:19.494+0000 INFO  [o.n.k.i.DiagnosticsManager]: --- INITIALIZED diagnostics END ---
2013-07-03 12:40:19.582+0000 INFO  [o.n.k.i.n.s.StoreFactory]: [/Users/chrisfitzpatrick/code/neo4j-test-app/db/neo4j-development/neostore.relationshiptypestore.db.names] brickCount=0 brickSize=0b mappedMem=0b (storeSize=76b)
2013-07-03 12:40:19.584+0000 INFO  [o.n.k.i.n.s.StoreFactory]: [/Users/chrisfitzpatrick/code/neo4j-test-app/db/neo4j-development/neostore.relationshiptypestore.db] brickCount=0 brickSize=0b mappedMem=0b (storeSize=5b)
2013-07-03 12:40:19.585+0000 INFO  [o.n.k.i.n.s.StoreFactory]: [/Users/chrisfitzpatrick/code/neo4j-test-app/db/neo4j-development/neostore.propertystore.db.strings] brickCount=0 brickSize=0b mappedMem=0b (storeSize=128b)
2013-07-03 12:40:19.585+0000 INFO  [o.n.k.i.n.s.StoreFactory]: [/Users/chrisfitzpatrick/code/neo4j-test-app/db/neo4j-development/neostore.propertystore.db.index.keys] brickCount=0 brickSize=0b mappedMem=0b (storeSize=38b)
2013-07-03 12:40:19.586+0000 INFO  [o.n.k.i.n.s.StoreFactory]: [/Users/chrisfitzpatrick/code/neo4j-test-app/db/neo4j-development/neostore.propertystore.db.index] brickCount=0 brickSize=0b mappedMem=0b (storeSize=0b)
2013-07-03 12:40:19.587+0000 INFO  [o.n.k.i.n.s.StoreFactory]: [/Users/chrisfitzpatrick/code/neo4j-test-app/db/neo4j-development/neostore.propertystore.db.arrays] brickCount=0 brickSize=0b mappedMem=0b (storeSize=128b)
2013-07-03 12:40:19.590+0000 INFO  [o.n.k.i.n.s.StoreFactory]: [/Users/chrisfitzpatrick/code/neo4j-test-app/db/neo4j-development/neostore.propertystore.db] brickCount=0 brickSize=0b mappedMem=0b (storeSize=0b)
2013-07-03 12:40:19.593+0000 INFO  [o.n.k.i.n.s.StoreFactory]: [/Users/chrisfitzpatrick/code/neo4j-test-app/db/neo4j-development/neostore.relationshipstore.db] brickCount=0 brickSize=0b mappedMem=0b (storeSize=33b)
2013-07-03 12:40:19.595+0000 INFO  [o.n.k.i.n.s.StoreFactory]: [/Users/chrisfitzpatrick/code/neo4j-test-app/db/neo4j-development/neostore.nodestore.db] brickCount=0 brickSize=0b mappedMem=0b (storeSize=18b)
2013-07-03 12:40:19.595+0000 INFO  [o.n.k.i.n.s.StoreFactory]: [/Users/chrisfitzpatrick/code/neo4j-test-app/db/neo4j-development/neostore] brickCount=0 brickSize=0b mappedMem=0b (storeSize=54b)
2013-07-03 12:40:19.617+0000 INFO  [o.n.k.i.t.x.XaLogicalLog]: Opened logical log [/Users/chrisfitzpatrick/code/neo4j-test-app/db/neo4j-development/nioneo_logical.log.1] version=1, lastTxId=3 (clean)
2013-07-03 12:40:19.626+0000 INFO  [o.n.k.i.t.TxManager]: TM opening log: /Users/chrisfitzpatrick/code/neo4j-test-app/db/neo4j-development/tm_tx_log.1
2013-07-03 12:40:19.628+0000 INFO  [o.n.k.i.t.TxManager]: TM non resolved transactions found in /Users/chrisfitzpatrick/code/neo4j-test-app/db/neo4j-development/tm_tx_log.1
2013-07-03 12:40:19.632+0000 INFO  [o.n.k.i.t.TxManager]: Recovery completed, all transactions have been resolved to a consistent state.
2013-07-03 12:40:19.669+0000 INFO  [o.n.k.i.t.x.XaLogicalLog]: Opened logical log [/Users/chrisfitzpatrick/code/neo4j-test-app/db/neo4j-development/index/lucene.log.1] version=1, lastTxId=1 (clean)
2013-07-03 12:40:19.672+0000 INFO  [o.n.k.i.DiagnosticsManager]: --- STARTED diagnostics for KernelDiagnostics:Versions START ---
2013-07-03 12:40:19.672+0000 INFO  [o.n.k.i.DiagnosticsManager]: Graph Database: org.neo4j.kernel.EmbeddedGraphDatabase StoreId[time:1372855056551, id:-6379983795609775819, store version: 13561656364791302]
2013-07-03 12:40:19.672+0000 INFO  [o.n.k.i.DiagnosticsManager]: Kernel version: Neo4j - Graph Database Kernel 1.9.M03
2013-07-03 12:40:19.672+0000 INFO  [o.n.k.i.DiagnosticsManager]: Neo4j component versions:
2013-07-03 12:40:19.673+0000 INFO  [o.n.k.i.DiagnosticsManager]:   Neo4j - Graph Database Kernel 1.9.M03
2013-07-03 12:40:19.673+0000 INFO  [o.n.k.i.DiagnosticsManager]: --- STARTED diagnostics for KernelDiagnostics:Versions END ---
2013-07-03 12:40:19.675+0000 INFO  [o.n.k.i.DiagnosticsManager]: --- STARTED diagnostics for NEO_STORE_VERSIONS START ---
2013-07-03 12:40:19.675+0000 INFO  [o.n.k.i.DiagnosticsManager]: Store versions:
2013-07-03 12:40:19.675+0000 INFO  [o.n.k.i.DiagnosticsManager]: Store versions:
2013-07-03 12:40:19.676+0000 INFO  [o.n.k.i.DiagnosticsManager]:   NeoStore v0.A.0
2013-07-03 12:40:19.676+0000 INFO  [o.n.k.i.DiagnosticsManager]:   NodeStore v0.A.0
2013-07-03 12:40:19.676+0000 INFO  [o.n.k.i.DiagnosticsManager]:   RelationshipStore v0.A.0
2013-07-03 12:40:19.676+0000 INFO  [o.n.k.i.DiagnosticsManager]:   RelationshipTypeStore v0.A.0
2013-07-03 12:40:19.676+0000 INFO  [o.n.k.i.DiagnosticsManager]:   PropertyStore v0.A.0
2013-07-03 12:40:19.676+0000 INFO  [o.n.k.i.DiagnosticsManager]:   PropertyIndexStore v0.A.0
2013-07-03 12:40:19.676+0000 INFO  [o.n.k.i.DiagnosticsManager]:   StringPropertyStore v0.A.0
2013-07-03 12:40:19.676+0000 INFO  [o.n.k.i.DiagnosticsManager]:   ArrayPropertyStore v0.A.0
2013-07-03 12:40:19.676+0000 INFO  [o.n.k.i.DiagnosticsManager]: --- STARTED diagnostics for NEO_STORE_VERSIONS END ---
2013-07-03 12:40:19.676+0000 INFO  [o.n.k.i.DiagnosticsManager]: --- STARTED diagnostics for NEO_STORE_ID_USAGE START ---
2013-07-03 12:40:19.676+0000 INFO  [o.n.k.i.DiagnosticsManager]: Id usage:
2013-07-03 12:40:19.676+0000 INFO  [o.n.k.i.DiagnosticsManager]: Id usage:
2013-07-03 12:40:19.676+0000 INFO  [o.n.k.i.DiagnosticsManager]:   NodeStore: used=2 high=1
2013-07-03 12:40:19.676+0000 INFO  [o.n.k.i.DiagnosticsManager]:   RelationshipStore: used=1 high=0
2013-07-03 12:40:19.676+0000 INFO  [o.n.k.i.DiagnosticsManager]:   RelationshipTypeStore: used=1 high=0
2013-07-03 12:40:19.676+0000 INFO  [o.n.k.i.DiagnosticsManager]:   PropertyStore: used=0 high=-1
2013-07-03 12:40:19.676+0000 INFO  [o.n.k.i.DiagnosticsManager]:   PropertyIndexStore: used=0 high=-1
2013-07-03 12:40:19.676+0000 INFO  [o.n.k.i.DiagnosticsManager]:   StringPropertyStore: used=1 high=0
2013-07-03 12:40:19.677+0000 INFO  [o.n.k.i.DiagnosticsManager]:   ArrayPropertyStore: used=1 high=0
2013-07-03 12:40:19.677+0000 INFO  [o.n.k.i.DiagnosticsManager]: --- STARTED diagnostics for NEO_STORE_ID_USAGE END ---
2013-07-03 12:40:19.677+0000 INFO  [o.n.k.i.DiagnosticsManager]: --- STARTED diagnostics for PERSISTENCE_WINDOW_POOL_STATS START ---
2013-07-03 12:40:19.677+0000 INFO  [o.n.k.i.DiagnosticsManager]: --- STARTED diagnostics for PERSISTENCE_WINDOW_POOL_STATS END ---
2013-07-03 12:40:19.677+0000 INFO  [o.n.k.i.DiagnosticsManager]: --- STARTED diagnostics for KernelDiagnostics:StoreFiles START ---
2013-07-03 12:40:19.677+0000 INFO  [o.n.k.i.DiagnosticsManager]: Disk space on partition (Total / Free / Free %): 250140434432 / 56305594368 / 77
Storage files: (filename : modification date - size)
2013-07-03 12:40:19.678+0000 INFO  [o.n.k.i.DiagnosticsManager]:   active_tx_log: 2013-07-03T14:37:36+0200 - 11.00 B
2013-07-03 12:40:19.678+0000 INFO  [o.n.k.i.DiagnosticsManager]:   index:
2013-07-03 12:40:19.678+0000 INFO  [o.n.k.i.DiagnosticsManager]:     lucene-store.db: 2013-07-03T14:37:48+0200 - 40.00 B
2013-07-03 12:40:19.679+0000 INFO  [o.n.k.i.DiagnosticsManager]:     lucene.log.1: 2013-07-03T14:40:19+0200 - 16.00 B
2013-07-03 12:40:19.679+0000 INFO  [o.n.k.i.DiagnosticsManager]:     lucene.log.active: 2013-07-03T14:40:19+0200 - 4.00 B
2013-07-03 12:40:19.679+0000 INFO  [o.n.k.i.DiagnosticsManager]:     lucene.log.v0: 2013-07-03T14:37:48+0200 - 16.00 B
2013-07-03 12:40:19.679+0000 INFO  [o.n.k.i.DiagnosticsManager]:   - Total: 2013-07-03T14:40:19+0200 - 76.00 B
2013-07-03 12:40:19.679+0000 INFO  [o.n.k.i.DiagnosticsManager]:   lock: 2013-07-03T14:40:19+0200 - 0.00 B
2013-07-03 12:40:19.680+0000 INFO  [o.n.k.i.DiagnosticsManager]:   messages.log: 2013-07-03T14:40:19+0200 - 82.41 kB
2013-07-03 12:40:19.680+0000 INFO  [o.n.k.i.DiagnosticsManager]:   neostore: 2013-07-03T14:40:19+0200 - 54.00 B
2013-07-03 12:40:19.680+0000 INFO  [o.n.k.i.DiagnosticsManager]:   neostore.id: 2013-07-03T14:40:19+0200 - 9.00 B
2013-07-03 12:40:19.680+0000 INFO  [o.n.k.i.DiagnosticsManager]:   neostore.nodestore.db: 2013-07-03T14:40:19+0200 - 18.00 B
2013-07-03 12:40:19.680+0000 INFO  [o.n.k.i.DiagnosticsManager]:   neostore.nodestore.db.id: 2013-07-03T14:40:19+0200 - 9.00 B
2013-07-03 12:40:19.680+0000 INFO  [o.n.k.i.DiagnosticsManager]:   neostore.propertystore.db: 2013-07-03T14:40:19+0200 - 0.00 B
2013-07-03 12:40:19.681+0000 INFO  [o.n.k.i.DiagnosticsManager]:   neostore.propertystore.db.arrays: 2013-07-03T14:40:19+0200 - 128.00 B
2013-07-03 12:40:19.681+0000 INFO  [o.n.k.i.DiagnosticsManager]:   neostore.propertystore.db.arrays.id: 2013-07-03T14:40:19+0200 - 9.00 B
2013-07-03 12:40:19.681+0000 INFO  [o.n.k.i.DiagnosticsManager]:   neostore.propertystore.db.id: 2013-07-03T14:40:19+0200 - 9.00 B
2013-07-03 12:40:19.681+0000 INFO  [o.n.k.i.DiagnosticsManager]:   neostore.propertystore.db.index: 2013-07-03T14:40:19+0200 - 0.00 B
2013-07-03 12:40:19.682+0000 INFO  [o.n.k.i.DiagnosticsManager]:   neostore.propertystore.db.index.id: 2013-07-03T14:40:19+0200 - 9.00 B
2013-07-03 12:40:19.682+0000 INFO  [o.n.k.i.DiagnosticsManager]:   neostore.propertystore.db.index.keys: 2013-07-03T14:40:19+0200 - 38.00 B
2013-07-03 12:40:19.682+0000 INFO  [o.n.k.i.DiagnosticsManager]:   neostore.propertystore.db.index.keys.id: 2013-07-03T14:40:19+0200 - 9.00 B
2013-07-03 12:40:19.683+0000 INFO  [o.n.k.i.DiagnosticsManager]:   neostore.propertystore.db.strings: 2013-07-03T14:40:19+0200 - 128.00 B
2013-07-03 12:40:19.683+0000 INFO  [o.n.k.i.DiagnosticsManager]:   neostore.propertystore.db.strings.id: 2013-07-03T14:40:19+0200 - 9.00 B
2013-07-03 12:40:19.683+0000 INFO  [o.n.k.i.DiagnosticsManager]:   neostore.relationshipstore.db: 2013-07-03T14:40:19+0200 - 33.00 B
2013-07-03 12:40:19.683+0000 INFO  [o.n.k.i.DiagnosticsManager]:   neostore.relationshipstore.db.id: 2013-07-03T14:40:19+0200 - 9.00 B
2013-07-03 12:40:19.683+0000 INFO  [o.n.k.i.DiagnosticsManager]:   neostore.relationshiptypestore.db: 2013-07-03T14:40:19+0200 - 5.00 B
2013-07-03 12:40:19.684+0000 INFO  [o.n.k.i.DiagnosticsManager]:   neostore.relationshiptypestore.db.id: 2013-07-03T14:40:19+0200 - 9.00 B
2013-07-03 12:40:19.684+0000 INFO  [o.n.k.i.DiagnosticsManager]:   neostore.relationshiptypestore.db.names: 2013-07-03T14:40:19+0200 - 76.00 B
2013-07-03 12:40:19.684+0000 INFO  [o.n.k.i.DiagnosticsManager]:   neostore.relationshiptypestore.db.names.id: 2013-07-03T14:40:19+0200 - 9.00 B
2013-07-03 12:40:19.684+0000 INFO  [o.n.k.i.DiagnosticsManager]:   nioneo_logical.log.1: 2013-07-03T14:40:19+0200 - 16.00 B
2013-07-03 12:40:19.684+0000 INFO  [o.n.k.i.DiagnosticsManager]:   nioneo_logical.log.active: 2013-07-03T14:40:19+0200 - 4.00 B
2013-07-03 12:40:19.685+0000 INFO  [o.n.k.i.DiagnosticsManager]:   nioneo_logical.log.v0: 2013-07-03T14:37:48+0200 - 369.00 B
2013-07-03 12:40:19.685+0000 INFO  [o.n.k.i.DiagnosticsManager]:   tm_tx_log.1: 2013-07-03T14:40:19+0200 - 0.00 B
2013-07-03 12:40:19.685+0000 INFO  [o.n.k.i.DiagnosticsManager]: --- STARTED diagnostics for KernelDiagnostics:StoreFiles END ---
2013-07-03 12:40:19.687+0000 INFO  [o.n.k.EmbeddedGraphDatabase]: Started - database is now available
2013-07-03 12:40:19.688+0000 INFO  [o.n.k.EmbeddedGraphDatabase]: GC Monitor started. 
2013-07-03 12:40:19.695+0000 INFO  [o.n.k.EmbeddedGraphDatabase]: NodeCache array:662732 purge:0 size:0b misses:100.0% collisions:NaN% (0) av.purge waits:0 purge waits:0 avg. purge time:N/A
2013-07-03 12:40:22.826+0000 INFO  [o.n.k.EmbeddedGraphDatabase]: RelationshipCache array:662732 purge:0 size:0b misses:100.0% collisions:NaN% (0) av.purge waits:0 purge waits:0 avg. purge time:N/A
2013-07-03 12:40:24.836+0000 INFO  [o.n.k.EmbeddedGraphDatabase]: Stopping - database is now unavailable
2013-07-03 12:40:24.841+0000 INFO  [o.n.k.i.t.x.XaLogicalLog]: Closed log /Users/chrisfitzpatrick/code/neo4j-test-app/db/neo4j-development/index/lucene.log
2013-07-03 12:40:24.844+0000 INFO  [o.n.k.i.t.TxManager]: TM shutting down
2013-07-03 12:40:24.845+0000 INFO  [o.n.k.i.t.x.XaLogicalLog]: Closed log /Users/chrisfitzpatrick/code/neo4j-test-app/db/neo4j-development/nioneo_logical.log
2013-07-03 12:40:24.846+0000 INFO  [o.n.k.i.n.s.StoreFactory]: /Users/chrisfitzpatrick/code/neo4j-test-app/db/neo4j-development/neostore.relationshiptypestore.db.names hit=0 miss=2 switches=0 ooe=0
2013-07-03 12:40:24.847+0000 INFO  [o.n.k.i.n.s.StoreFactory]: /Users/chrisfitzpatrick/code/neo4j-test-app/db/neo4j-development/neostore.relationshiptypestore.db hit=0 miss=1 switches=0 ooe=0
2013-07-03 12:40:24.848+0000 INFO  [o.n.k.i.n.s.StoreFactory]: /Users/chrisfitzpatrick/code/neo4j-test-app/db/neo4j-development/neostore.propertystore.db.strings hit=0 miss=0 switches=0 ooe=0
2013-07-03 12:40:24.857+0000 INFO  [o.n.k.i.n.s.StoreFactory]: /Users/chrisfitzpatrick/code/neo4j-test-app/db/neo4j-development/neostore.propertystore.db.index.keys hit=0 miss=0 switches=0 ooe=0
2013-07-03 12:40:24.859+0000 INFO  [o.n.k.i.n.s.StoreFactory]: /Users/chrisfitzpatrick/code/neo4j-test-app/db/neo4j-development/neostore.propertystore.db.index hit=0 miss=0 switches=0 ooe=0
2013-07-03 12:40:24.860+0000 INFO  [o.n.k.i.n.s.StoreFactory]: /Users/chrisfitzpatrick/code/neo4j-test-app/db/neo4j-development/neostore.propertystore.db.arrays hit=0 miss=0 switches=0 ooe=0
2013-07-03 12:40:24.861+0000 INFO  [o.n.k.i.n.s.StoreFactory]: /Users/chrisfitzpatrick/code/neo4j-test-app/db/neo4j-development/neostore.propertystore.db hit=0 miss=0 switches=0 ooe=0
2013-07-03 12:40:24.862+0000 INFO  [o.n.k.i.n.s.StoreFactory]: /Users/chrisfitzpatrick/code/neo4j-test-app/db/neo4j-development/neostore.relationshipstore.db hit=0 miss=2 switches=0 ooe=0
2013-07-03 12:40:24.863+0000 INFO  [o.n.k.i.n.s.StoreFactory]: /Users/chrisfitzpatrick/code/neo4j-test-app/db/neo4j-development/neostore.nodestore.db hit=0 miss=4 switches=0 ooe=0
2013-07-03 12:40:24.864+0000 INFO  [o.n.k.i.n.s.StoreFactory]: /Users/chrisfitzpatrick/code/neo4j-test-app/db/neo4j-development/neostore hit=0 miss=16 switches=0 ooe=0
2013-07-03 12:40:24.867+0000 INFO  [o.n.k.i.n.x.NeoStoreXaDataSource]: NeoStore closed
2013-07-03 12:40:24.867+0000 INFO  [o.n.k.i.DiagnosticsManager]: --- STOPPING diagnostics START ---
2013-07-03 12:40:24.867+0000 INFO  [o.n.k.i.DiagnosticsManager]: --- STOPPING diagnostics END ---
2013-07-03 12:40:24.868+0000 INFO  [o.n.k.EmbeddedGraphDatabase]: NodeCache array:662732 purge:0 size:0b misses:40.0% collisions:0.0% (0) av.purge waits:0 purge waits:0 avg. purge time:N/A
2013-07-03 12:40:24.868+0000 INFO  [o.n.k.EmbeddedGraphDatabase]: RelationshipCache array:662732 purge:0 size:0b misses:33.333336% collisions:0.0% (0) av.purge waits:0 purge waits:0 avg. purge time:N/A
